[0.041s] Invoking command in '/home/manu/Projects/exercicios-mod8/ponderada2/build/turtlesim': CMAKE_PREFIX_PATH=/opt/ros/humble /usr/bin/cmake /home/manu/Projects/exercicios-mod8/ponderada2/src/ros_tutorials/turtlesim -DCMAKE_INSTALL_PREFIX=/home/manu/Projects/exercicios-mod8/ponderada2/install/turtlesim
[0.468s] -- The C compiler identification is GNU 11.4.0
[0.771s] -- The CXX compiler identification is GNU 11.4.0
[0.787s] -- Detecting C compiler ABI info
[2.375s] -- Detecting C compiler ABI info - done
[2.380s] -- Check for working C compiler: /usr/bin/cc - skipped
[2.381s] -- Detecting C compile features
[2.382s] -- Detecting C compile features - done
[2.386s] -- Detecting CXX compiler ABI info
[2.468s] -- Detecting CXX compiler ABI info - done
[2.473s] -- Check for working CXX compiler: /usr/bin/c++ - skipped
[2.473s] -- Detecting CXX compile features
[2.474s] -- Detecting CXX compile features - done
[2.485s] -- Found ament_cmake: 1.3.5 (/opt/ros/humble/share/ament_cmake/cmake)
[2.621s] -- Found Python3: /usr/bin/python3.10 (found version "3.10.12") found components: Interpreter 
[2.769s] -- Found ament_index_cpp: 1.4.0 (/opt/ros/humble/share/ament_index_cpp/cmake)
[2.774s] -- Found geometry_msgs: 4.2.3 (/opt/ros/humble/share/geometry_msgs/cmake)
[2.864s] -- Found rosidl_generator_c: 3.1.5 (/opt/ros/humble/share/rosidl_generator_c/cmake)
[2.875s] -- Found rosidl_adapter: 3.1.5 (/opt/ros/humble/share/rosidl_adapter/cmake)
[2.896s] -- Found rosidl_generator_cpp: 3.1.5 (/opt/ros/humble/share/rosidl_generator_cpp/cmake)
[2.928s] -- Using all available rosidl_typesupport_c: rosidl_typesupport_fastrtps_c;rosidl_typesupport_introspection_c
[2.967s] -- Using all available rosidl_typesupport_cpp: rosidl_typesupport_fastrtps_cpp;rosidl_typesupport_introspection_cpp
[3.165s] -- Found rclcpp: 16.0.6 (/opt/ros/humble/share/rclcpp/cmake)
[3.248s] -- Found rmw_implementation_cmake: 6.1.1 (/opt/ros/humble/share/rmw_implementation_cmake/cmake)
[3.253s] -- Found rmw_cyclonedds_cpp: 1.3.4 (/opt/ros/humble/share/rmw_cyclonedds_cpp/cmake)
[3.318s] -- Using RMW implementation 'rmw_cyclonedds_cpp' as default
[3.340s] -- Looking for pthread.h
[3.468s] -- Looking for pthread.h - found
[3.468s] -- Performing Test CMAKE_HAVE_LIBC_PTHREAD
[3.534s] -- Performing Test CMAKE_HAVE_LIBC_PTHREAD - Success
[3.535s] -- Found Threads: TRUE  
[3.658s] -- Found rclcpp_action: 16.0.6 (/opt/ros/humble/share/rclcpp_action/cmake)
[3.755s] -- Found rosidl_default_generators: 1.2.0 (/opt/ros/humble/share/rosidl_default_generators/cmake)
[3.770s] -- Found std_srvs: 4.2.3 (/opt/ros/humble/share/std_srvs/cmake)
[4.005s] -- Found ament_cmake_ros: 0.10.0 (/opt/ros/humble/share/ament_cmake_ros/cmake)
[4.255s] -- Using all available rosidl_typesupport_c: rosidl_typesupport_fastrtps_c;rosidl_typesupport_introspection_c
[4.441s] -- Using all available rosidl_typesupport_cpp: rosidl_typesupport_fastrtps_cpp;rosidl_typesupport_introspection_cpp
[4.461s] -- Found PythonInterp: /usr/bin/python3 (found suitable version "3.10.12", minimum required is "3.6") 
[4.463s] -- Found python_cmake_module: 0.10.0 (/opt/ros/humble/share/python_cmake_module/cmake)
[4.488s] -- Found PythonLibs: /usr/lib/x86_64-linux-gnu/libpython3.10.so (found suitable version "3.10.12", minimum required is "3.5") 
[4.488s] -- Using PYTHON_EXECUTABLE: /usr/bin/python3
[4.488s] -- Using PYTHON_INCLUDE_DIRS: /usr/include/python3.10
[4.488s] -- Using PYTHON_LIBRARIES: /usr/lib/x86_64-linux-gnu/libpython3.10.so
[4.504s] -- Found PythonExtra: .so  
[4.571s] -- Configuring done
[4.622s] -- Generating done
[4.625s] -- Build files have been written to: /home/manu/Projects/exercicios-mod8/ponderada2/build/turtlesim
[4.632s] Invoked command in '/home/manu/Projects/exercicios-mod8/ponderada2/build/turtlesim' returned '0': CMAKE_PREFIX_PATH=/opt/ros/humble /usr/bin/cmake /home/manu/Projects/exercicios-mod8/ponderada2/src/ros_tutorials/turtlesim -DCMAKE_INSTALL_PREFIX=/home/manu/Projects/exercicios-mod8/ponderada2/install/turtlesim
[4.634s] Invoking command in '/home/manu/Projects/exercicios-mod8/ponderada2/build/turtlesim': CMAKE_PREFIX_PATH=/opt/ros/humble /usr/bin/cmake --build /home/manu/Projects/exercicios-mod8/ponderada2/build/turtlesim -- -j8 -l8
[4.662s] [  1%] [34m[1mGenerating C code for ROS interfaces[0m
[4.669s] [  2%] [34m[1mGenerating C++ code for ROS interfaces[0m
[4.675s] [  2%] Built target ament_cmake_python_copy_turtlesim
[4.877s] running egg_info
[4.878s] creating turtlesim.egg-info
[4.878s] writing turtlesim.egg-info/PKG-INFO
[4.878s] writing dependency_links to turtlesim.egg-info/dependency_links.txt
[4.878s] writing top-level names to turtlesim.egg-info/top_level.txt
[4.878s] writing manifest file 'turtlesim.egg-info/SOURCES.txt'
[4.881s] reading manifest file 'turtlesim.egg-info/SOURCES.txt'
[4.881s] writing manifest file 'turtlesim.egg-info/SOURCES.txt'
[4.901s] [  2%] Built target ament_cmake_python_build_turtlesim_egg
[5.318s] [  2%] Built target turtlesim__cpp
[5.325s] [  4%] [34m[1mGenerating C++ type support for eProsima Fast-RTPS[0m
[5.325s] [  4%] [34m[1mGenerating C++ introspection for ROS interfaces[0m
[5.328s] [  5%] [34m[1mGenerating C++ type support dispatch for ROS interfaces[0m
[5.408s] [  9%] [32mBuilding C object CMakeFiles/turtlesim__rosidl_generator_c.dir/rosidl_generator_c/turtlesim/srv/detail/set_pen__functions.c.o[0m
[5.409s] [  9%] [32mBuilding C object CMakeFiles/turtlesim__rosidl_generator_c.dir/rosidl_generator_c/turtlesim/msg/detail/color__functions.c.o[0m
[5.409s] [  9%] [32mBuilding C object CMakeFiles/turtlesim__rosidl_generator_c.dir/rosidl_generator_c/turtlesim/msg/detail/pose__functions.c.o[0m
[5.409s] [ 10%] [32mBuilding C object CMakeFiles/turtlesim__rosidl_generator_c.dir/rosidl_generator_c/turtlesim/srv/detail/kill__functions.c.o[0m
[5.409s] [ 10%] [32mBuilding C object CMakeFiles/turtlesim__rosidl_generator_c.dir/rosidl_generator_c/turtlesim/action/detail/rotate_absolute__functions.c.o[0m
[5.519s] [ 11%] [32mBuilding C object CMakeFiles/turtlesim__rosidl_generator_c.dir/rosidl_generator_c/turtlesim/srv/detail/spawn__functions.c.o[0m
[5.526s] [ 12%] [32mBuilding C object CMakeFiles/turtlesim__rosidl_generator_c.dir/rosidl_generator_c/turtlesim/srv/detail/teleport_absolute__functions.c.o[0m
[5.537s] [ 13%] [32mBuilding C object CMakeFiles/turtlesim__rosidl_generator_c.dir/rosidl_generator_c/turtlesim/srv/detail/teleport_relative__functions.c.o[0m
[5.619s] [ 14%] [32m[1mLinking C shared library libturtlesim__rosidl_generator_c.so[0m
[5.652s] [ 14%] Built target turtlesim__rosidl_generator_c
[5.659s] [ 15%] [34m[1mGenerating C type support for eProsima Fast-RTPS[0m
[5.661s] [ 16%] [34m[1mGenerating C introspection for ROS interfaces[0m
[5.662s] [ 17%] [34m[1mGenerating C type support dispatch for ROS interfaces[0m
[5.825s] [ 19%] [32mBuilding CXX object CMakeFiles/turtlesim__rosidl_typesupport_cpp.dir/rosidl_typesupport_cpp/turtlesim/msg/pose__type_support.cpp.o[0m
[5.825s] [ 19%] [32mBuilding CXX object CMakeFiles/turtlesim__rosidl_typesupport_cpp.dir/rosidl_typesupport_cpp/turtlesim/action/rotate_absolute__type_support.cpp.o[0m
[5.825s] [ 20%] [32mBuilding CXX object CMakeFiles/turtlesim__rosidl_typesupport_cpp.dir/rosidl_typesupport_cpp/turtlesim/msg/color__type_support.cpp.o[0m
[6.268s] [ 21%] [32mBuilding CXX object CMakeFiles/turtlesim__rosidl_typesupport_cpp.dir/rosidl_typesupport_cpp/turtlesim/srv/kill__type_support.cpp.o[0m
[6.282s] [ 22%] [32mBuilding CXX object CMakeFiles/turtlesim__rosidl_typesupport_cpp.dir/rosidl_typesupport_cpp/turtlesim/srv/set_pen__type_support.cpp.o[0m
[6.382s] [ 23%] [32mBuilding CXX object CMakeFiles/turtlesim__rosidl_typesupport_introspection_cpp.dir/rosidl_typesupport_introspection_cpp/turtlesim/action/detail/rotate_absolute__type_support.cpp.o[0m
[6.403s] [ 24%] [32mBuilding CXX object CMakeFiles/turtlesim__rosidl_typesupport_c.dir/rosidl_typesupport_c/turtlesim/action/rotate_absolute__type_support.cpp.o[0m
[6.483s] [ 25%] [32mBuilding CXX object CMakeFiles/turtlesim__rosidl_typesupport_c.dir/rosidl_typesupport_c/turtlesim/msg/color__type_support.cpp.o[0m
[6.517s] [ 26%] [32mBuilding CXX object CMakeFiles/turtlesim__rosidl_typesupport_fastrtps_cpp.dir/rosidl_typesupport_fastrtps_cpp/turtlesim/action/detail/dds_fastrtps/rotate_absolute__type_support.cpp.o[0m
[6.527s] [ 27%] [32mBuilding CXX object CMakeFiles/turtlesim__rosidl_typesupport_c.dir/rosidl_typesupport_c/turtlesim/msg/pose__type_support.cpp.o[0m
[6.537s] [ 28%] [32mBuilding CXX object CMakeFiles/turtlesim__rosidl_typesupport_c.dir/rosidl_typesupport_c/turtlesim/srv/kill__type_support.cpp.o[0m
[6.552s] [ 29%] [32mBuilding CXX object CMakeFiles/turtlesim__rosidl_typesupport_cpp.dir/rosidl_typesupport_cpp/turtlesim/srv/spawn__type_support.cpp.o[0m
[6.562s] [ 30%] [32mBuilding C object CMakeFiles/turtlesim__rosidl_typesupport_introspection_c.dir/rosidl_typesupport_introspection_c/turtlesim/action/detail/rotate_absolute__type_support.c.o[0m
[6.567s] [ 31%] [32mBuilding CXX object CMakeFiles/turtlesim__rosidl_typesupport_c.dir/rosidl_typesupport_c/turtlesim/srv/set_pen__type_support.cpp.o[0m
[6.572s] [ 32%] [32mBuilding CXX object CMakeFiles/turtlesim__rosidl_typesupport_cpp.dir/rosidl_typesupport_cpp/turtlesim/srv/teleport_absolute__type_support.cpp.o[0m
[6.576s] [ 33%] [32mBuilding CXX object CMakeFiles/turtlesim__rosidl_typesupport_c.dir/rosidl_typesupport_c/turtlesim/srv/spawn__type_support.cpp.o[0m
[6.608s] [ 34%] [32mBuilding CXX object CMakeFiles/turtlesim__rosidl_typesupport_fastrtps_cpp.dir/rosidl_typesupport_fastrtps_cpp/turtlesim/msg/detail/dds_fastrtps/color__type_support.cpp.o[0m
[6.622s] [ 35%] [32mBuilding CXX object CMakeFiles/turtlesim__rosidl_typesupport_c.dir/rosidl_typesupport_c/turtlesim/srv/teleport_absolute__type_support.cpp.o[0m
[6.653s] [ 36%] [32mBuilding C object CMakeFiles/turtlesim__rosidl_typesupport_introspection_c.dir/rosidl_typesupport_introspection_c/turtlesim/msg/detail/color__type_support.c.o[0m
[6.664s] [ 37%] [32mBuilding CXX object CMakeFiles/turtlesim__rosidl_typesupport_c.dir/rosidl_typesupport_c/turtlesim/srv/teleport_relative__type_support.cpp.o[0m
[6.686s] [ 38%] [32mBuilding C object CMakeFiles/turtlesim__rosidl_typesupport_introspection_c.dir/rosidl_typesupport_introspection_c/turtlesim/msg/detail/pose__type_support.c.o[0m
[6.696s] [ 39%] [32m[1mLinking CXX shared library libturtlesim__rosidl_typesupport_c.so[0m
[6.721s] [ 40%] [32mBuilding C object CMakeFiles/turtlesim__rosidl_typesupport_introspection_c.dir/rosidl_typesupport_introspection_c/turtlesim/srv/detail/kill__type_support.c.o[0m
[6.755s] [ 40%] Built target turtlesim__rosidl_typesupport_c
[6.765s] [ 41%] [32mBuilding CXX object CMakeFiles/turtlesim__rosidl_typesupport_fastrtps_cpp.dir/rosidl_typesupport_fastrtps_cpp/turtlesim/msg/detail/dds_fastrtps/pose__type_support.cpp.o[0m
[6.765s] [ 42%] [32mBuilding CXX object CMakeFiles/turtlesim__rosidl_typesupport_fastrtps_c.dir/rosidl_typesupport_fastrtps_c/turtlesim/action/detail/rotate_absolute__type_support_c.cpp.o[0m
[6.767s] [ 43%] [32mBuilding C object CMakeFiles/turtlesim__rosidl_typesupport_introspection_c.dir/rosidl_typesupport_introspection_c/turtlesim/srv/detail/set_pen__type_support.c.o[0m
[6.812s] [ 44%] [32mBuilding C object CMakeFiles/turtlesim__rosidl_typesupport_introspection_c.dir/rosidl_typesupport_introspection_c/turtlesim/srv/detail/spawn__type_support.c.o[0m
[6.826s] [ 45%] [32mBuilding CXX object CMakeFiles/turtlesim__rosidl_typesupport_fastrtps_c.dir/rosidl_typesupport_fastrtps_c/turtlesim/msg/detail/color__type_support_c.cpp.o[0m
[6.854s] [ 46%] [32mBuilding C object CMakeFiles/turtlesim__rosidl_typesupport_introspection_c.dir/rosidl_typesupport_introspection_c/turtlesim/srv/detail/teleport_absolute__type_support.c.o[0m
[6.893s] [ 47%] [32mBuilding CXX object CMakeFiles/turtlesim__rosidl_typesupport_cpp.dir/rosidl_typesupport_cpp/turtlesim/srv/teleport_relative__type_support.cpp.o[0m
[6.902s] [ 48%] [32mBuilding C object CMakeFiles/turtlesim__rosidl_typesupport_introspection_c.dir/rosidl_typesupport_introspection_c/turtlesim/srv/detail/teleport_relative__type_support.c.o[0m
[6.947s] [ 49%] [32m[1mLinking C shared library libturtlesim__rosidl_typesupport_introspection_c.so[0m
[6.994s] [ 49%] Built target turtlesim__rosidl_typesupport_introspection_c
[7.004s] [ 50%] [32mBuilding CXX object CMakeFiles/turtlesim__rosidl_typesupport_fastrtps_c.dir/rosidl_typesupport_fastrtps_c/turtlesim/msg/detail/pose__type_support_c.cpp.o[0m
[7.068s] [ 51%] [32mBuilding CXX object CMakeFiles/turtlesim__rosidl_typesupport_fastrtps_cpp.dir/rosidl_typesupport_fastrtps_cpp/turtlesim/srv/detail/dds_fastrtps/kill__type_support.cpp.o[0m
[7.121s] [ 52%] [32mBuilding CXX object CMakeFiles/turtlesim__rosidl_typesupport_introspection_cpp.dir/rosidl_typesupport_introspection_cpp/turtlesim/msg/detail/color__type_support.cpp.o[0m
[7.200s] [ 53%] [32mBuilding CXX object CMakeFiles/turtlesim__rosidl_typesupport_fastrtps_c.dir/rosidl_typesupport_fastrtps_c/turtlesim/srv/detail/kill__type_support_c.cpp.o[0m
[7.207s] [ 54%] [32mBuilding CXX object CMakeFiles/turtlesim__rosidl_typesupport_fastrtps_cpp.dir/rosidl_typesupport_fastrtps_cpp/turtlesim/srv/detail/dds_fastrtps/set_pen__type_support.cpp.o[0m
[7.212s] [ 55%] [32m[1mLinking CXX shared library libturtlesim__rosidl_typesupport_cpp.so[0m
[7.230s] [ 56%] [32mBuilding CXX object CMakeFiles/turtlesim__rosidl_typesupport_fastrtps_c.dir/rosidl_typesupport_fastrtps_c/turtlesim/srv/detail/set_pen__type_support_c.cpp.o[0m
[7.248s] [ 57%] [32mBuilding CXX object CMakeFiles/turtlesim__rosidl_typesupport_fastrtps_cpp.dir/rosidl_typesupport_fastrtps_cpp/turtlesim/srv/detail/dds_fastrtps/spawn__type_support.cpp.o[0m
[7.272s] [ 57%] Built target turtlesim__rosidl_typesupport_cpp
[7.281s] [ 58%] [32mBuilding CXX object CMakeFiles/turtlesim__rosidl_typesupport_fastrtps_c.dir/rosidl_typesupport_fastrtps_c/turtlesim/srv/detail/spawn__type_support_c.cpp.o[0m
[7.386s] [ 59%] [32mBuilding CXX object CMakeFiles/turtlesim__rosidl_typesupport_fastrtps_c.dir/rosidl_typesupport_fastrtps_c/turtlesim/srv/detail/teleport_absolute__type_support_c.cpp.o[0m
[7.547s] [ 60%] [32mBuilding CXX object CMakeFiles/turtlesim__rosidl_typesupport_fastrtps_cpp.dir/rosidl_typesupport_fastrtps_cpp/turtlesim/srv/detail/dds_fastrtps/teleport_absolute__type_support.cpp.o[0m
[7.603s] [ 61%] [32mBuilding CXX object CMakeFiles/turtlesim__rosidl_typesupport_introspection_cpp.dir/rosidl_typesupport_introspection_cpp/turtlesim/msg/detail/pose__type_support.cpp.o[0m
[7.683s] [ 62%] [32mBuilding CXX object CMakeFiles/turtlesim__rosidl_typesupport_fastrtps_c.dir/rosidl_typesupport_fastrtps_c/turtlesim/srv/detail/teleport_relative__type_support_c.cpp.o[0m
[7.726s] [ 63%] [34m[1mGenerating include/turtlesim/moc_turtle_frame.cpp[0m
[7.791s] [ 64%] [32mBuilding CXX object CMakeFiles/turtle_teleop_key.dir/tutorials/teleop_turtle_key.cpp.o[0m
[7.834s] [ 65%] [32mBuilding CXX object CMakeFiles/draw_square.dir/tutorials/draw_square.cpp.o[0m
[7.850s] [ 66%] [32mBuilding CXX object CMakeFiles/turtlesim__rosidl_typesupport_fastrtps_cpp.dir/rosidl_typesupport_fastrtps_cpp/turtlesim/srv/detail/dds_fastrtps/teleport_relative__type_support.cpp.o[0m
[7.851s] [ 67%] [32mBuilding CXX object CMakeFiles/mimic.dir/tutorials/mimic.cpp.o[0m
[7.862s] [ 68%] [32mBuilding CXX object CMakeFiles/turtlesim__rosidl_typesupport_introspection_cpp.dir/rosidl_typesupport_introspection_cpp/turtlesim/srv/detail/kill__type_support.cpp.o[0m
[7.899s] [ 69%] [32mBuilding CXX object CMakeFiles/turtlesim__rosidl_typesupport_introspection_cpp.dir/rosidl_typesupport_introspection_cpp/turtlesim/srv/detail/set_pen__type_support.cpp.o[0m
[7.945s] [ 70%] [32m[1mLinking CXX shared library libturtlesim__rosidl_typesupport_fastrtps_c.so[0m
[8.080s] [ 71%] [32mBuilding CXX object CMakeFiles/turtlesim_node.dir/src/turtlesim.cpp.o[0m
[8.105s] [ 71%] Built target turtlesim__rosidl_typesupport_fastrtps_c
[8.114s] [ 72%] [32mBuilding CXX object CMakeFiles/turtlesim_node.dir/src/turtle.cpp.o[0m
[8.294s] [ 73%] [32m[1mLinking CXX shared library libturtlesim__rosidl_typesupport_fastrtps_cpp.so[0m
[8.307s] [ 74%] [32mBuilding CXX object CMakeFiles/turtlesim__rosidl_typesupport_introspection_cpp.dir/rosidl_typesupport_introspection_cpp/turtlesim/srv/detail/spawn__type_support.cpp.o[0m
[8.396s] [ 75%] [32mBuilding CXX object CMakeFiles/turtlesim__rosidl_typesupport_introspection_cpp.dir/rosidl_typesupport_introspection_cpp/turtlesim/srv/detail/teleport_absolute__type_support.cpp.o[0m
[8.398s] [ 75%] Built target turtlesim__rosidl_typesupport_fastrtps_cpp
[8.405s] [ 76%] [32mBuilding CXX object CMakeFiles/turtlesim__rosidl_typesupport_introspection_cpp.dir/rosidl_typesupport_introspection_cpp/turtlesim/srv/detail/teleport_relative__type_support.cpp.o[0m
[8.707s] [ 77%] [32mBuilding CXX object CMakeFiles/turtlesim_node.dir/src/turtle_frame.cpp.o[0m
[8.781s] [ 78%] [32mBuilding CXX object CMakeFiles/turtlesim_node.dir/include/turtlesim/moc_turtle_frame.cpp.o[0m
[8.889s] [ 79%] [32m[1mLinking CXX shared library libturtlesim__rosidl_typesupport_introspection_cpp.so[0m
[9.003s] [ 79%] Built target turtlesim__rosidl_typesupport_introspection_cpp
[9.025s] [ 79%] Built target turtlesim
[9.050s] [ 80%] [34m[1mGenerating Python code for ROS interfaces[0m
[12.270s] [ 80%] Built target turtlesim__py
[12.296s] [ 81%] [32mBuilding C object CMakeFiles/turtlesim__rosidl_generator_py.dir/rosidl_generator_py/turtlesim/action/_rotate_absolute_s.c.o[0m
[12.572s] [ 82%] [32mBuilding C object CMakeFiles/turtlesim__rosidl_generator_py.dir/rosidl_generator_py/turtlesim/msg/_color_s.c.o[0m
[12.701s] [ 83%] [32mBuilding C object CMakeFiles/turtlesim__rosidl_generator_py.dir/rosidl_generator_py/turtlesim/msg/_pose_s.c.o[0m
[12.835s] [ 84%] [32mBuilding C object CMakeFiles/turtlesim__rosidl_generator_py.dir/rosidl_generator_py/turtlesim/srv/_kill_s.c.o[0m
[12.970s] [ 85%] [32mBuilding C object CMakeFiles/turtlesim__rosidl_generator_py.dir/rosidl_generator_py/turtlesim/srv/_set_pen_s.c.o[0m
[13.105s] [ 86%] [32mBuilding C object CMakeFiles/turtlesim__rosidl_generator_py.dir/rosidl_generator_py/turtlesim/srv/_spawn_s.c.o[0m
[13.246s] [ 87%] [32mBuilding C object CMakeFiles/turtlesim__rosidl_generator_py.dir/rosidl_generator_py/turtlesim/srv/_teleport_absolute_s.c.o[0m
[13.385s] [ 88%] [32mBuilding C object CMakeFiles/turtlesim__rosidl_generator_py.dir/rosidl_generator_py/turtlesim/srv/_teleport_relative_s.c.o[0m
[13.521s] [ 89%] [32m[1mLinking C shared library rosidl_generator_py/turtlesim/libturtlesim__rosidl_generator_py.so[0m
[13.586s] [ 89%] Built target turtlesim__rosidl_generator_py
[13.616s] [ 90%] [32mBuilding C object CMakeFiles/turtlesim__rosidl_typesupport_fastrtps_c__pyext.dir/rosidl_generator_py/turtlesim/_turtlesim_s.ep.rosidl_typesupport_fastrtps_c.c.o[0m
[13.843s] [ 91%] [32m[1mLinking C shared library rosidl_generator_py/turtlesim/turtlesim_s__rosidl_typesupport_fastrtps_c.cpython-310-x86_64-linux-gnu.so[0m
[13.893s] [ 91%] Built target turtlesim__rosidl_typesupport_fastrtps_c__pyext
[13.916s] [ 92%] [32mBuilding C object CMakeFiles/turtlesim__rosidl_typesupport_introspection_c__pyext.dir/rosidl_generator_py/turtlesim/_turtlesim_s.ep.rosidl_typesupport_introspection_c.c.o[0m
[14.074s] [ 93%] [32mBuilding C object CMakeFiles/turtlesim__rosidl_typesupport_c__pyext.dir/rosidl_generator_py/turtlesim/_turtlesim_s.ep.rosidl_typesupport_c.c.o[0m
[14.221s] [ 94%] [32m[1mLinking C shared library rosidl_generator_py/turtlesim/turtlesim_s__rosidl_typesupport_introspection_c.cpython-310-x86_64-linux-gnu.so[0m
[14.281s] [ 94%] Built target turtlesim__rosidl_typesupport_introspection_c__pyext
[14.316s] [ 95%] [32m[1mLinking C shared library rosidl_generator_py/turtlesim/turtlesim_s__rosidl_typesupport_c.cpython-310-x86_64-linux-gnu.so[0m
[14.369s] [ 95%] Built target turtlesim__rosidl_typesupport_c__pyext
[15.693s] [ 96%] [32m[1mLinking CXX executable turtle_teleop_key[0m
[16.178s] [ 96%] Built target turtle_teleop_key
[18.479s] [ 97%] [32m[1mLinking CXX executable mimic[0m
[18.855s] [ 97%] Built target mimic
[19.203s] [ 98%] [32m[1mLinking CXX executable draw_square[0m
[19.620s] [ 98%] Built target draw_square
[21.913s] [100%] [32m[1mLinking CXX executable turtlesim_node[0m
[23.864s] [100%] Built target turtlesim_node
[23.874s] Invoked command in '/home/manu/Projects/exercicios-mod8/ponderada2/build/turtlesim' returned '0': CMAKE_PREFIX_PATH=/opt/ros/humble /usr/bin/cmake --build /home/manu/Projects/exercicios-mod8/ponderada2/build/turtlesim -- -j8 -l8
[24.034s] Invoking command in '/home/manu/Projects/exercicios-mod8/ponderada2/build/turtlesim': CMAKE_PREFIX_PATH=/opt/ros/humble /usr/bin/cmake --install /home/manu/Projects/exercicios-mod8/ponderada2/build/turtlesim
[24.040s] -- Install configuration: ""
[24.040s] -- Installing: /home/manu/Projects/exercicios-mod8/ponderada2/install/turtlesim/share/ament_index/resource_index/rosidl_interfaces/turtlesim
[24.040s] -- Installing: /home/manu/Projects/exercicios-mod8/ponderada2/install/turtlesim/include/turtlesim/turtlesim
[24.040s] -- Installing: /home/manu/Projects/exercicios-mod8/ponderada2/install/turtlesim/include/turtlesim/turtlesim/srv
[24.040s] -- Installing: /home/manu/Projects/exercicios-mod8/ponderada2/install/turtlesim/include/turtlesim/turtlesim/srv/teleport_relative.h
[24.040s] -- Installing: /home/manu/Projects/exercicios-mod8/ponderada2/install/turtlesim/include/turtlesim/turtlesim/srv/teleport_absolute.h
[24.040s] -- Installing: /home/manu/Projects/exercicios-mod8/ponderada2/install/turtlesim/include/turtlesim/turtlesim/srv/spawn.h
[24.040s] -- Installing: /home/manu/Projects/exercicios-mod8/ponderada2/install/turtlesim/include/turtlesim/turtlesim/srv/detail
[24.040s] -- Installing: /home/manu/Projects/exercicios-mod8/ponderada2/install/turtlesim/include/turtlesim/turtlesim/srv/detail/teleport_absolute__functions.h
[24.041s] -- Installing: /home/manu/Projects/exercicios-mod8/ponderada2/install/turtlesim/include/turtlesim/turtlesim/srv/detail/spawn__functions.c
[24.041s] -- Installing: /home/manu/Projects/exercicios-mod8/ponderada2/install/turtlesim/include/turtlesim/turtlesim/srv/detail/set_pen__type_support.h
[24.041s] -- Installing: /home/manu/Projects/exercicios-mod8/ponderada2/install/turtlesim/include/turtlesim/turtlesim/srv/detail/set_pen__struct.h
[24.041s] -- Installing: /home/manu/Projects/exercicios-mod8/ponderada2/install/turtlesim/include/turtlesim/turtlesim/srv/detail/kill__struct.h
[24.041s] -- Installing: /home/manu/Projects/exercicios-mod8/ponderada2/install/turtlesim/include/turtlesim/turtlesim/srv/detail/kill__functions.h
[24.041s] -- Installing: /home/manu/Projects/exercicios-mod8/ponderada2/install/turtlesim/include/turtlesim/turtlesim/srv/detail/teleport_absolute__struct.h
[24.041s] -- Installing: /home/manu/Projects/exercicios-mod8/ponderada2/install/turtlesim/include/turtlesim/turtlesim/srv/detail/teleport_absolute__functions.c
[24.041s] -- Installing: /home/manu/Projects/exercicios-mod8/ponderada2/install/turtlesim/include/turtlesim/turtlesim/srv/detail/set_pen__functions.c
[24.041s] -- Installing: /home/manu/Projects/exercicios-mod8/ponderada2/install/turtlesim/include/turtlesim/turtlesim/srv/detail/spawn__struct.h
[24.041s] -- Installing: /home/manu/Projects/exercicios-mod8/ponderada2/install/turtlesim/include/turtlesim/turtlesim/srv/detail/kill__type_support.h
[24.041s] -- Installing: /home/manu/Projects/exercicios-mod8/ponderada2/install/turtlesim/include/turtlesim/turtlesim/srv/detail/set_pen__functions.h
[24.041s] -- Installing: /home/manu/Projects/exercicios-mod8/ponderada2/install/turtlesim/include/turtlesim/turtlesim/srv/detail/teleport_relative__functions.c
[24.041s] -- Installing: /home/manu/Projects/exercicios-mod8/ponderada2/install/turtlesim/include/turtlesim/turtlesim/srv/detail/teleport_relative__functions.h
[24.041s] -- Installing: /home/manu/Projects/exercicios-mod8/ponderada2/install/turtlesim/include/turtlesim/turtlesim/srv/detail/teleport_absolute__type_support.h
[24.041s] -- Installing: /home/manu/Projects/exercicios-mod8/ponderada2/install/turtlesim/include/turtlesim/turtlesim/srv/detail/teleport_relative__struct.h
[24.041s] -- Installing: /home/manu/Projects/exercicios-mod8/ponderada2/install/turtlesim/include/turtlesim/turtlesim/srv/detail/teleport_relative__type_support.h
[24.041s] -- Installing: /home/manu/Projects/exercicios-mod8/ponderada2/install/turtlesim/include/turtlesim/turtlesim/srv/detail/spawn__functions.h
[24.041s] -- Installing: /home/manu/Projects/exercicios-mod8/ponderada2/install/turtlesim/include/turtlesim/turtlesim/srv/detail/kill__functions.c
[24.041s] -- Installing: /home/manu/Projects/exercicios-mod8/ponderada2/install/turtlesim/include/turtlesim/turtlesim/srv/detail/spawn__type_support.h
[24.041s] -- Installing: /home/manu/Projects/exercicios-mod8/ponderada2/install/turtlesim/include/turtlesim/turtlesim/srv/set_pen.h
[24.041s] -- Installing: /home/manu/Projects/exercicios-mod8/ponderada2/install/turtlesim/include/turtlesim/turtlesim/srv/kill.h
[24.042s] -- Installing: /home/manu/Projects/exercicios-mod8/ponderada2/install/turtlesim/include/turtlesim/turtlesim/action
[24.042s] -- Installing: /home/manu/Projects/exercicios-mod8/ponderada2/install/turtlesim/include/turtlesim/turtlesim/action/detail
[24.042s] -- Installing: /home/manu/Projects/exercicios-mod8/ponderada2/install/turtlesim/include/turtlesim/turtlesim/action/detail/rotate_absolute__struct.h
[24.042s] -- Installing: /home/manu/Projects/exercicios-mod8/ponderada2/install/turtlesim/include/turtlesim/turtlesim/action/detail/rotate_absolute__type_support.h
[24.042s] -- Installing: /home/manu/Projects/exercicios-mod8/ponderada2/install/turtlesim/include/turtlesim/turtlesim/action/detail/rotate_absolute__functions.c
[24.042s] -- Installing: /home/manu/Projects/exercicios-mod8/ponderada2/install/turtlesim/include/turtlesim/turtlesim/action/detail/rotate_absolute__functions.h
[24.042s] -- Installing: /home/manu/Projects/exercicios-mod8/ponderada2/install/turtlesim/include/turtlesim/turtlesim/action/rotate_absolute.h
[24.042s] -- Installing: /home/manu/Projects/exercicios-mod8/ponderada2/install/turtlesim/include/turtlesim/turtlesim/msg
[24.042s] -- Installing: /home/manu/Projects/exercicios-mod8/ponderada2/install/turtlesim/include/turtlesim/turtlesim/msg/color.h
[24.042s] -- Installing: /home/manu/Projects/exercicios-mod8/ponderada2/install/turtlesim/include/turtlesim/turtlesim/msg/detail
[24.042s] -- Installing: /home/manu/Projects/exercicios-mod8/ponderada2/install/turtlesim/include/turtlesim/turtlesim/msg/detail/pose__functions.h
[24.042s] -- Installing: /home/manu/Projects/exercicios-mod8/ponderada2/install/turtlesim/include/turtlesim/turtlesim/msg/detail/color__struct.h
[24.042s] -- Installing: /home/manu/Projects/exercicios-mod8/ponderada2/install/turtlesim/include/turtlesim/turtlesim/msg/detail/pose__type_support.h
[24.042s] -- Installing: /home/manu/Projects/exercicios-mod8/ponderada2/install/turtlesim/include/turtlesim/turtlesim/msg/detail/color__functions.c
[24.042s] -- Installing: /home/manu/Projects/exercicios-mod8/ponderada2/install/turtlesim/include/turtlesim/turtlesim/msg/detail/pose__functions.c
[24.042s] -- Installing: /home/manu/Projects/exercicios-mod8/ponderada2/install/turtlesim/include/turtlesim/turtlesim/msg/detail/color__type_support.h
[24.043s] -- Installing: /home/manu/Projects/exercicios-mod8/ponderada2/install/turtlesim/include/turtlesim/turtlesim/msg/detail/color__functions.h
[24.043s] -- Installing: /home/manu/Projects/exercicios-mod8/ponderada2/install/turtlesim/include/turtlesim/turtlesim/msg/detail/pose__struct.h
[24.043s] -- Installing: /home/manu/Projects/exercicios-mod8/ponderada2/install/turtlesim/include/turtlesim/turtlesim/msg/rosidl_generator_c__visibility_control.h
[24.043s] -- Installing: /home/manu/Projects/exercicios-mod8/ponderada2/install/turtlesim/include/turtlesim/turtlesim/msg/pose.h
[24.043s] -- Installing: /home/manu/Projects/exercicios-mod8/ponderada2/install/turtlesim/share/turtlesim/environment/library_path.sh
[24.043s] -- Installing: /home/manu/Projects/exercicios-mod8/ponderada2/install/turtlesim/share/turtlesim/environment/library_path.dsv
[24.043s] -- Installing: /home/manu/Projects/exercicios-mod8/ponderada2/install/turtlesim/lib/libturtlesim__rosidl_generator_c.so
[24.043s] -- Set runtime path of "/home/manu/Projects/exercicios-mod8/ponderada2/install/turtlesim/lib/libturtlesim__rosidl_generator_c.so" to ""
[24.043s] -- Up-to-date: /home/manu/Projects/exercicios-mod8/ponderada2/install/turtlesim/include/turtlesim/turtlesim
[24.043s] -- Up-to-date: /home/manu/Projects/exercicios-mod8/ponderada2/install/turtlesim/include/turtlesim/turtlesim/srv
[24.043s] -- Up-to-date: /home/manu/Projects/exercicios-mod8/ponderada2/install/turtlesim/include/turtlesim/turtlesim/srv/detail
[24.043s] -- Installing: /home/manu/Projects/exercicios-mod8/ponderada2/install/turtlesim/include/turtlesim/turtlesim/srv/detail/teleport_absolute__rosidl_typesupport_fastrtps_c.h
[24.043s] -- Installing: /home/manu/Projects/exercicios-mod8/ponderada2/install/turtlesim/include/turtlesim/turtlesim/srv/detail/spawn__rosidl_typesupport_fastrtps_c.h
[24.044s] -- Installing: /home/manu/Projects/exercicios-mod8/ponderada2/install/turtlesim/include/turtlesim/turtlesim/srv/detail/kill__rosidl_typesupport_fastrtps_c.h
[24.044s] -- Installing: /home/manu/Projects/exercicios-mod8/ponderada2/install/turtlesim/include/turtlesim/turtlesim/srv/detail/teleport_relative__rosidl_typesupport_fastrtps_c.h
[24.044s] -- Installing: /home/manu/Projects/exercicios-mod8/ponderada2/install/turtlesim/include/turtlesim/turtlesim/srv/detail/set_pen__rosidl_typesupport_fastrtps_c.h
[24.044s] -- Up-to-date: /home/manu/Projects/exercicios-mod8/ponderada2/install/turtlesim/include/turtlesim/turtlesim/action
[24.044s] -- Up-to-date: /home/manu/Projects/exercicios-mod8/ponderada2/install/turtlesim/include/turtlesim/turtlesim/action/detail
[24.044s] -- Installing: /home/manu/Projects/exercicios-mod8/ponderada2/install/turtlesim/include/turtlesim/turtlesim/action/detail/rotate_absolute__rosidl_typesupport_fastrtps_c.h
[24.044s] -- Up-to-date: /home/manu/Projects/exercicios-mod8/ponderada2/install/turtlesim/include/turtlesim/turtlesim/msg
[24.044s] -- Up-to-date: /home/manu/Projects/exercicios-mod8/ponderada2/install/turtlesim/include/turtlesim/turtlesim/msg/detail
[24.044s] -- Installing: /home/manu/Projects/exercicios-mod8/ponderada2/install/turtlesim/include/turtlesim/turtlesim/msg/detail/color__rosidl_typesupport_fastrtps_c.h
[24.044s] -- Installing: /home/manu/Projects/exercicios-mod8/ponderada2/install/turtlesim/include/turtlesim/turtlesim/msg/detail/pose__rosidl_typesupport_fastrtps_c.h
[24.044s] -- Installing: /home/manu/Projects/exercicios-mod8/ponderada2/install/turtlesim/include/turtlesim/turtlesim/msg/rosidl_typesupport_fastrtps_c__visibility_control.h
[24.044s] -- Installing: /home/manu/Projects/exercicios-mod8/ponderada2/install/turtlesim/lib/libturtlesim__rosidl_typesupport_fastrtps_c.so
[24.044s] -- Set runtime path of "/home/manu/Projects/exercicios-mod8/ponderada2/install/turtlesim/lib/libturtlesim__rosidl_typesupport_fastrtps_c.so" to ""
[24.044s] -- Up-to-date: /home/manu/Projects/exercicios-mod8/ponderada2/install/turtlesim/include/turtlesim/turtlesim
[24.044s] -- Up-to-date: /home/manu/Projects/exercicios-mod8/ponderada2/install/turtlesim/include/turtlesim/turtlesim/srv
[24.044s] -- Installing: /home/manu/Projects/exercicios-mod8/ponderada2/install/turtlesim/include/turtlesim/turtlesim/srv/spawn.hpp
[24.044s] -- Installing: /home/manu/Projects/exercicios-mod8/ponderada2/install/turtlesim/include/turtlesim/turtlesim/srv/set_pen.hpp
[24.045s] -- Up-to-date: /home/manu/Projects/exercicios-mod8/ponderada2/install/turtlesim/include/turtlesim/turtlesim/srv/detail
[24.045s] -- Installing: /home/manu/Projects/exercicios-mod8/ponderada2/install/turtlesim/include/turtlesim/turtlesim/srv/detail/teleport_absolute__builder.hpp
[24.045s] -- Installing: /home/manu/Projects/exercicios-mod8/ponderada2/install/turtlesim/include/turtlesim/turtlesim/srv/detail/teleport_relative__struct.hpp
[24.045s] -- Installing: /home/manu/Projects/exercicios-mod8/ponderada2/install/turtlesim/include/turtlesim/turtlesim/srv/detail/kill__builder.hpp
[24.045s] -- Installing: /home/manu/Projects/exercicios-mod8/ponderada2/install/turtlesim/include/turtlesim/turtlesim/srv/detail/teleport_relative__traits.hpp
[24.045s] -- Installing: /home/manu/Projects/exercicios-mod8/ponderada2/install/turtlesim/include/turtlesim/turtlesim/srv/detail/teleport_relative__builder.hpp
[24.045s] -- Installing: /home/manu/Projects/exercicios-mod8/ponderada2/install/turtlesim/include/turtlesim/turtlesim/srv/detail/teleport_absolute__struct.hpp
[24.045s] -- Installing: /home/manu/Projects/exercicios-mod8/ponderada2/install/turtlesim/include/turtlesim/turtlesim/srv/detail/teleport_absolute__traits.hpp
[24.045s] -- Installing: /home/manu/Projects/exercicios-mod8/ponderada2/install/turtlesim/include/turtlesim/turtlesim/srv/detail/set_pen__builder.hpp
[24.045s] -- Installing: /home/manu/Projects/exercicios-mod8/ponderada2/install/turtlesim/include/turtlesim/turtlesim/srv/detail/kill__traits.hpp
[24.045s] -- Installing: /home/manu/Projects/exercicios-mod8/ponderada2/install/turtlesim/include/turtlesim/turtlesim/srv/detail/set_pen__struct.hpp
[24.045s] -- Installing: /home/manu/Projects/exercicios-mod8/ponderada2/install/turtlesim/include/turtlesim/turtlesim/srv/detail/spawn__traits.hpp
[24.045s] -- Installing: /home/manu/Projects/exercicios-mod8/ponderada2/install/turtlesim/include/turtlesim/turtlesim/srv/detail/kill__struct.hpp
[24.045s] -- Installing: /home/manu/Projects/exercicios-mod8/ponderada2/install/turtlesim/include/turtlesim/turtlesim/srv/detail/spawn__struct.hpp
[24.045s] -- Installing: /home/manu/Projects/exercicios-mod8/ponderada2/install/turtlesim/include/turtlesim/turtlesim/srv/detail/spawn__builder.hpp
[24.045s] -- Installing: /home/manu/Projects/exercicios-mod8/ponderada2/install/turtlesim/include/turtlesim/turtlesim/srv/detail/set_pen__traits.hpp
[24.046s] -- Installing: /home/manu/Projects/exercicios-mod8/ponderada2/install/turtlesim/include/turtlesim/turtlesim/srv/kill.hpp
[24.046s] -- Installing: /home/manu/Projects/exercicios-mod8/ponderada2/install/turtlesim/include/turtlesim/turtlesim/srv/teleport_relative.hpp
[24.046s] -- Installing: /home/manu/Projects/exercicios-mod8/ponderada2/install/turtlesim/include/turtlesim/turtlesim/srv/teleport_absolute.hpp
[24.046s] -- Up-to-date: /home/manu/Projects/exercicios-mod8/ponderada2/install/turtlesim/include/turtlesim/turtlesim/action
[24.046s] -- Up-to-date: /home/manu/Projects/exercicios-mod8/ponderada2/install/turtlesim/include/turtlesim/turtlesim/action/detail
[24.046s] -- Installing: /home/manu/Projects/exercicios-mod8/ponderada2/install/turtlesim/include/turtlesim/turtlesim/action/detail/rotate_absolute__traits.hpp
[24.046s] -- Installing: /home/manu/Projects/exercicios-mod8/ponderada2/install/turtlesim/include/turtlesim/turtlesim/action/detail/rotate_absolute__struct.hpp
[24.046s] -- Installing: /home/manu/Projects/exercicios-mod8/ponderada2/install/turtlesim/include/turtlesim/turtlesim/action/detail/rotate_absolute__builder.hpp
[24.046s] -- Installing: /home/manu/Projects/exercicios-mod8/ponderada2/install/turtlesim/include/turtlesim/turtlesim/action/rotate_absolute.hpp
[24.046s] -- Up-to-date: /home/manu/Projects/exercicios-mod8/ponderada2/install/turtlesim/include/turtlesim/turtlesim/msg
[24.046s] -- Up-to-date: /home/manu/Projects/exercicios-mod8/ponderada2/install/turtlesim/include/turtlesim/turtlesim/msg/detail
[24.046s] -- Installing: /home/manu/Projects/exercicios-mod8/ponderada2/install/turtlesim/include/turtlesim/turtlesim/msg/detail/pose__builder.hpp
[24.046s] -- Installing: /home/manu/Projects/exercicios-mod8/ponderada2/install/turtlesim/include/turtlesim/turtlesim/msg/detail/color__builder.hpp
[24.046s] -- Installing: /home/manu/Projects/exercicios-mod8/ponderada2/install/turtlesim/include/turtlesim/turtlesim/msg/detail/color__struct.hpp
[24.046s] -- Installing: /home/manu/Projects/exercicios-mod8/ponderada2/install/turtlesim/include/turtlesim/turtlesim/msg/detail/pose__traits.hpp
[24.046s] -- Installing: /home/manu/Projects/exercicios-mod8/ponderada2/install/turtlesim/include/turtlesim/turtlesim/msg/detail/pose__struct.hpp
[24.046s] -- Installing: /home/manu/Projects/exercicios-mod8/ponderada2/install/turtlesim/include/turtlesim/turtlesim/msg/detail/color__traits.hpp
[24.046s] -- Installing: /home/manu/Projects/exercicios-mod8/ponderada2/install/turtlesim/include/turtlesim/turtlesim/msg/pose.hpp
[24.047s] -- Installing: /home/manu/Projects/exercicios-mod8/ponderada2/install/turtlesim/include/turtlesim/turtlesim/msg/color.hpp
[24.047s] -- Up-to-date: /home/manu/Projects/exercicios-mod8/ponderada2/install/turtlesim/include/turtlesim/turtlesim
[24.047s] -- Up-to-date: /home/manu/Projects/exercicios-mod8/ponderada2/install/turtlesim/include/turtlesim/turtlesim/srv
[24.047s] -- Up-to-date: /home/manu/Projects/exercicios-mod8/ponderada2/install/turtlesim/include/turtlesim/turtlesim/srv/detail
[24.047s] -- Installing: /home/manu/Projects/exercicios-mod8/ponderada2/install/turtlesim/include/turtlesim/turtlesim/srv/detail/teleport_relative__rosidl_typesupport_fastrtps_cpp.hpp
[24.047s] -- Installing: /home/manu/Projects/exercicios-mod8/ponderada2/install/turtlesim/include/turtlesim/turtlesim/srv/detail/set_pen__rosidl_typesupport_fastrtps_cpp.hpp
[24.047s] -- Installing: /home/manu/Projects/exercicios-mod8/ponderada2/install/turtlesim/include/turtlesim/turtlesim/srv/detail/kill__rosidl_typesupport_fastrtps_cpp.hpp
[24.047s] -- Installing: /home/manu/Projects/exercicios-mod8/ponderada2/install/turtlesim/include/turtlesim/turtlesim/srv/detail/dds_fastrtps
[24.047s] -- Installing: /home/manu/Projects/exercicios-mod8/ponderada2/install/turtlesim/include/turtlesim/turtlesim/srv/detail/spawn__rosidl_typesupport_fastrtps_cpp.hpp
[24.047s] -- Installing: /home/manu/Projects/exercicios-mod8/ponderada2/install/turtlesim/include/turtlesim/turtlesim/srv/detail/teleport_absolute__rosidl_typesupport_fastrtps_cpp.hpp
[24.047s] -- Up-to-date: /home/manu/Projects/exercicios-mod8/ponderada2/install/turtlesim/include/turtlesim/turtlesim/action
[24.047s] -- Up-to-date: /home/manu/Projects/exercicios-mod8/ponderada2/install/turtlesim/include/turtlesim/turtlesim/action/detail
[24.047s] -- Installing: /home/manu/Projects/exercicios-mod8/ponderada2/install/turtlesim/include/turtlesim/turtlesim/action/detail/dds_fastrtps
[24.047s] -- Installing: /home/manu/Projects/exercicios-mod8/ponderada2/install/turtlesim/include/turtlesim/turtlesim/action/detail/rotate_absolute__rosidl_typesupport_fastrtps_cpp.hpp
[24.047s] -- Up-to-date: /home/manu/Projects/exercicios-mod8/ponderada2/install/turtlesim/include/turtlesim/turtlesim/msg
[24.047s] -- Installing: /home/manu/Projects/exercicios-mod8/ponderada2/install/turtlesim/include/turtlesim/turtlesim/msg/rosidl_typesupport_fastrtps_cpp__visibility_control.h
[24.047s] -- Up-to-date: /home/manu/Projects/exercicios-mod8/ponderada2/install/turtlesim/include/turtlesim/turtlesim/msg/detail
[24.047s] -- Installing: /home/manu/Projects/exercicios-mod8/ponderada2/install/turtlesim/include/turtlesim/turtlesim/msg/detail/dds_fastrtps
[24.047s] -- Installing: /home/manu/Projects/exercicios-mod8/ponderada2/install/turtlesim/include/turtlesim/turtlesim/msg/detail/color__rosidl_typesupport_fastrtps_cpp.hpp
[24.047s] -- Installing: /home/manu/Projects/exercicios-mod8/ponderada2/install/turtlesim/include/turtlesim/turtlesim/msg/detail/pose__rosidl_typesupport_fastrtps_cpp.hpp
[24.047s] -- Installing: /home/manu/Projects/exercicios-mod8/ponderada2/install/turtlesim/lib/libturtlesim__rosidl_typesupport_fastrtps_cpp.so
[24.048s] -- Set runtime path of "/home/manu/Projects/exercicios-mod8/ponderada2/install/turtlesim/lib/libturtlesim__rosidl_typesupport_fastrtps_cpp.so" to ""
[24.048s] -- Up-to-date: /home/manu/Projects/exercicios-mod8/ponderada2/install/turtlesim/include/turtlesim/turtlesim
[24.048s] -- Up-to-date: /home/manu/Projects/exercicios-mod8/ponderada2/install/turtlesim/include/turtlesim/turtlesim/srv
[24.048s] -- Up-to-date: /home/manu/Projects/exercicios-mod8/ponderada2/install/turtlesim/include/turtlesim/turtlesim/srv/detail
[24.048s] -- Installing: /home/manu/Projects/exercicios-mod8/ponderada2/install/turtlesim/include/turtlesim/turtlesim/srv/detail/teleport_absolute__type_support.c
[24.048s] -- Installing: /home/manu/Projects/exercicios-mod8/ponderada2/install/turtlesim/include/turtlesim/turtlesim/srv/detail/kill__type_support.c
[24.048s] -- Installing: /home/manu/Projects/exercicios-mod8/ponderada2/install/turtlesim/include/turtlesim/turtlesim/srv/detail/set_pen__rosidl_typesupport_introspection_c.h
[24.048s] -- Installing: /home/manu/Projects/exercicios-mod8/ponderada2/install/turtlesim/include/turtlesim/turtlesim/srv/detail/teleport_relative__type_support.c
[24.048s] -- Installing: /home/manu/Projects/exercicios-mod8/ponderada2/install/turtlesim/include/turtlesim/turtlesim/srv/detail/spawn__rosidl_typesupport_introspection_c.h
[24.048s] -- Installing: /home/manu/Projects/exercicios-mod8/ponderada2/install/turtlesim/include/turtlesim/turtlesim/srv/detail/teleport_absolute__rosidl_typesupport_introspection_c.h
[24.048s] -- Installing: /home/manu/Projects/exercicios-mod8/ponderada2/install/turtlesim/include/turtlesim/turtlesim/srv/detail/spawn__type_support.c
[24.048s] -- Installing: /home/manu/Projects/exercicios-mod8/ponderada2/install/turtlesim/include/turtlesim/turtlesim/srv/detail/set_pen__type_support.c
[24.048s] -- Installing: /home/manu/Projects/exercicios-mod8/ponderada2/install/turtlesim/include/turtlesim/turtlesim/srv/detail/kill__rosidl_typesupport_introspection_c.h
[24.048s] -- Installing: /home/manu/Projects/exercicios-mod8/ponderada2/install/turtlesim/include/turtlesim/turtlesim/srv/detail/teleport_relative__rosidl_typesupport_introspection_c.h
[24.048s] -- Up-to-date: /home/manu/Projects/exercicios-mod8/ponderada2/install/turtlesim/include/turtlesim/turtlesim/action
[24.048s] -- Up-to-date: /home/manu/Projects/exercicios-mod8/ponderada2/install/turtlesim/include/turtlesim/turtlesim/action/detail
[24.048s] -- Installing: /home/manu/Projects/exercicios-mod8/ponderada2/install/turtlesim/include/turtlesim/turtlesim/action/detail/rotate_absolute__rosidl_typesupport_introspection_c.h
[24.048s] -- Installing: /home/manu/Projects/exercicios-mod8/ponderada2/install/turtlesim/include/turtlesim/turtlesim/action/detail/rotate_absolute__type_support.c
[24.049s] -- Up-to-date: /home/manu/Projects/exercicios-mod8/ponderada2/install/turtlesim/include/turtlesim/turtlesim/msg
[24.049s] -- Up-to-date: /home/manu/Projects/exercicios-mod8/ponderada2/install/turtlesim/include/turtlesim/turtlesim/msg/detail
[24.049s] -- Installing: /home/manu/Projects/exercicios-mod8/ponderada2/install/turtlesim/include/turtlesim/turtlesim/msg/detail/pose__rosidl_typesupport_introspection_c.h
[24.049s] -- Installing: /home/manu/Projects/exercicios-mod8/ponderada2/install/turtlesim/include/turtlesim/turtlesim/msg/detail/color__type_support.c
[24.049s] -- Installing: /home/manu/Projects/exercicios-mod8/ponderada2/install/turtlesim/include/turtlesim/turtlesim/msg/detail/color__rosidl_typesupport_introspection_c.h
[24.049s] -- Installing: /home/manu/Projects/exercicios-mod8/ponderada2/install/turtlesim/include/turtlesim/turtlesim/msg/detail/pose__type_support.c
[24.049s] -- Installing: /home/manu/Projects/exercicios-mod8/ponderada2/install/turtlesim/include/turtlesim/turtlesim/msg/rosidl_typesupport_introspection_c__visibility_control.h
[24.049s] -- Installing: /home/manu/Projects/exercicios-mod8/ponderada2/install/turtlesim/lib/libturtlesim__rosidl_typesupport_introspection_c.so
[24.049s] -- Set runtime path of "/home/manu/Projects/exercicios-mod8/ponderada2/install/turtlesim/lib/libturtlesim__rosidl_typesupport_introspection_c.so" to ""
[24.049s] -- Installing: /home/manu/Projects/exercicios-mod8/ponderada2/install/turtlesim/lib/libturtlesim__rosidl_typesupport_c.so
[24.049s] -- Set runtime path of "/home/manu/Projects/exercicios-mod8/ponderada2/install/turtlesim/lib/libturtlesim__rosidl_typesupport_c.so" to ""
[24.050s] -- Up-to-date: /home/manu/Projects/exercicios-mod8/ponderada2/install/turtlesim/include/turtlesim/turtlesim
[24.050s] -- Up-to-date: /home/manu/Projects/exercicios-mod8/ponderada2/install/turtlesim/include/turtlesim/turtlesim/srv
[24.050s] -- Up-to-date: /home/manu/Projects/exercicios-mod8/ponderada2/install/turtlesim/include/turtlesim/turtlesim/srv/detail
[24.050s] -- Installing: /home/manu/Projects/exercicios-mod8/ponderada2/install/turtlesim/include/turtlesim/turtlesim/srv/detail/set_pen__rosidl_typesupport_introspection_cpp.hpp
[24.050s] -- Installing: /home/manu/Projects/exercicios-mod8/ponderada2/install/turtlesim/include/turtlesim/turtlesim/srv/detail/spawn__rosidl_typesupport_introspection_cpp.hpp
[24.050s] -- Installing: /home/manu/Projects/exercicios-mod8/ponderada2/install/turtlesim/include/turtlesim/turtlesim/srv/detail/set_pen__type_support.cpp
[24.050s] -- Installing: /home/manu/Projects/exercicios-mod8/ponderada2/install/turtlesim/include/turtlesim/turtlesim/srv/detail/kill__type_support.cpp
[24.050s] -- Installing: /home/manu/Projects/exercicios-mod8/ponderada2/install/turtlesim/include/turtlesim/turtlesim/srv/detail/teleport_absolute__type_support.cpp
[24.050s] -- Installing: /home/manu/Projects/exercicios-mod8/ponderada2/install/turtlesim/include/turtlesim/turtlesim/srv/detail/teleport_relative__type_support.cpp
[24.050s] -- Installing: /home/manu/Projects/exercicios-mod8/ponderada2/install/turtlesim/include/turtlesim/turtlesim/srv/detail/spawn__type_support.cpp
[24.050s] -- Installing: /home/manu/Projects/exercicios-mod8/ponderada2/install/turtlesim/include/turtlesim/turtlesim/srv/detail/kill__rosidl_typesupport_introspection_cpp.hpp
[24.050s] -- Installing: /home/manu/Projects/exercicios-mod8/ponderada2/install/turtlesim/include/turtlesim/turtlesim/srv/detail/teleport_relative__rosidl_typesupport_introspection_cpp.hpp
[24.050s] -- Installing: /home/manu/Projects/exercicios-mod8/ponderada2/install/turtlesim/include/turtlesim/turtlesim/srv/detail/teleport_absolute__rosidl_typesupport_introspection_cpp.hpp
[24.050s] -- Up-to-date: /home/manu/Projects/exercicios-mod8/ponderada2/install/turtlesim/include/turtlesim/turtlesim/action
[24.051s] -- Up-to-date: /home/manu/Projects/exercicios-mod8/ponderada2/install/turtlesim/include/turtlesim/turtlesim/action/detail
[24.051s] -- Installing: /home/manu/Projects/exercicios-mod8/ponderada2/install/turtlesim/include/turtlesim/turtlesim/action/detail/rotate_absolute__rosidl_typesupport_introspection_cpp.hpp
[24.051s] -- Installing: /home/manu/Projects/exercicios-mod8/ponderada2/install/turtlesim/include/turtlesim/turtlesim/action/detail/rotate_absolute__type_support.cpp
[24.051s] -- Up-to-date: /home/manu/Projects/exercicios-mod8/ponderada2/install/turtlesim/include/turtlesim/turtlesim/msg
[24.051s] -- Up-to-date: /home/manu/Projects/exercicios-mod8/ponderada2/install/turtlesim/include/turtlesim/turtlesim/msg/detail
[24.051s] -- Installing: /home/manu/Projects/exercicios-mod8/ponderada2/install/turtlesim/include/turtlesim/turtlesim/msg/detail/pose__type_support.cpp
[24.051s] -- Installing: /home/manu/Projects/exercicios-mod8/ponderada2/install/turtlesim/include/turtlesim/turtlesim/msg/detail/pose__rosidl_typesupport_introspection_cpp.hpp
[24.051s] -- Installing: /home/manu/Projects/exercicios-mod8/ponderada2/install/turtlesim/include/turtlesim/turtlesim/msg/detail/color__rosidl_typesupport_introspection_cpp.hpp
[24.051s] -- Installing: /home/manu/Projects/exercicios-mod8/ponderada2/install/turtlesim/include/turtlesim/turtlesim/msg/detail/color__type_support.cpp
[24.051s] -- Installing: /home/manu/Projects/exercicios-mod8/ponderada2/install/turtlesim/lib/libturtlesim__rosidl_typesupport_introspection_cpp.so
[24.051s] -- Set runtime path of "/home/manu/Projects/exercicios-mod8/ponderada2/install/turtlesim/lib/libturtlesim__rosidl_typesupport_introspection_cpp.so" to ""
[24.051s] -- Installing: /home/manu/Projects/exercicios-mod8/ponderada2/install/turtlesim/lib/libturtlesim__rosidl_typesupport_cpp.so
[24.052s] -- Set runtime path of "/home/manu/Projects/exercicios-mod8/ponderada2/install/turtlesim/lib/libturtlesim__rosidl_typesupport_cpp.so" to ""
[24.052s] -- Installing: /home/manu/Projects/exercicios-mod8/ponderada2/install/turtlesim/share/turtlesim/environment/pythonpath.sh
[24.052s] -- Installing: /home/manu/Projects/exercicios-mod8/ponderada2/install/turtlesim/share/turtlesim/environment/pythonpath.dsv
[24.052s] -- Installing: /home/manu/Projects/exercicios-mod8/ponderada2/install/turtlesim/local/lib/python3.10/dist-packages/turtlesim-1.4.2-py3.10.egg-info
[24.052s] -- Installing: /home/manu/Projects/exercicios-mod8/ponderada2/install/turtlesim/local/lib/python3.10/dist-packages/turtlesim-1.4.2-py3.10.egg-info/dependency_links.txt
[24.052s] -- Installing: /home/manu/Projects/exercicios-mod8/ponderada2/install/turtlesim/local/lib/python3.10/dist-packages/turtlesim-1.4.2-py3.10.egg-info/SOURCES.txt
[24.052s] -- Installing: /home/manu/Projects/exercicios-mod8/ponderada2/install/turtlesim/local/lib/python3.10/dist-packages/turtlesim-1.4.2-py3.10.egg-info/PKG-INFO
[24.052s] -- Installing: /home/manu/Projects/exercicios-mod8/ponderada2/install/turtlesim/local/lib/python3.10/dist-packages/turtlesim-1.4.2-py3.10.egg-info/top_level.txt
[24.052s] -- Installing: /home/manu/Projects/exercicios-mod8/ponderada2/install/turtlesim/local/lib/python3.10/dist-packages/turtlesim
[24.053s] -- Installing: /home/manu/Projects/exercicios-mod8/ponderada2/install/turtlesim/local/lib/python3.10/dist-packages/turtlesim/libturtlesim__rosidl_generator_py.so
[24.053s] -- Installing: /home/manu/Projects/exercicios-mod8/ponderada2/install/turtlesim/local/lib/python3.10/dist-packages/turtlesim/_turtlesim_s.ep.rosidl_typesupport_fastrtps_c.c
[24.053s] -- Installing: /home/manu/Projects/exercicios-mod8/ponderada2/install/turtlesim/local/lib/python3.10/dist-packages/turtlesim/__init__.py
[24.053s] -- Installing: /home/manu/Projects/exercicios-mod8/ponderada2/install/turtlesim/local/lib/python3.10/dist-packages/turtlesim/srv
[24.053s] -- Installing: /home/manu/Projects/exercicios-mod8/ponderada2/install/turtlesim/local/lib/python3.10/dist-packages/turtlesim/srv/_teleport_relative_s.c
[24.053s] -- Installing: /home/manu/Projects/exercicios-mod8/ponderada2/install/turtlesim/local/lib/python3.10/dist-packages/turtlesim/srv/_kill.py
[24.053s] -- Installing: /home/manu/Projects/exercicios-mod8/ponderada2/install/turtlesim/local/lib/python3.10/dist-packages/turtlesim/srv/_kill_s.c
[24.053s] -- Installing: /home/manu/Projects/exercicios-mod8/ponderada2/install/turtlesim/local/lib/python3.10/dist-packages/turtlesim/srv/__init__.py
[24.053s] -- Installing: /home/manu/Projects/exercicios-mod8/ponderada2/install/turtlesim/local/lib/python3.10/dist-packages/turtlesim/srv/_teleport_absolute_s.c
[24.053s] -- Installing: /home/manu/Projects/exercicios-mod8/ponderada2/install/turtlesim/local/lib/python3.10/dist-packages/turtlesim/srv/_teleport_relative.py
[24.053s] -- Installing: /home/manu/Projects/exercicios-mod8/ponderada2/install/turtlesim/local/lib/python3.10/dist-packages/turtlesim/srv/_set_pen_s.c
[24.053s] -- Installing: /home/manu/Projects/exercicios-mod8/ponderada2/install/turtlesim/local/lib/python3.10/dist-packages/turtlesim/srv/_spawn_s.c
[24.053s] -- Installing: /home/manu/Projects/exercicios-mod8/ponderada2/install/turtlesim/local/lib/python3.10/dist-packages/turtlesim/srv/_teleport_absolute.py
[24.054s] -- Installing: /home/manu/Projects/exercicios-mod8/ponderada2/install/turtlesim/local/lib/python3.10/dist-packages/turtlesim/srv/_set_pen.py
[24.054s] -- Installing: /home/manu/Projects/exercicios-mod8/ponderada2/install/turtlesim/local/lib/python3.10/dist-packages/turtlesim/srv/_spawn.py
[24.054s] -- Installing: /home/manu/Projects/exercicios-mod8/ponderada2/install/turtlesim/local/lib/python3.10/dist-packages/turtlesim/turtlesim_s__rosidl_typesupport_fastrtps_c.cpython-310-x86_64-linux-gnu.so
[24.054s] -- Installing: /home/manu/Projects/exercicios-mod8/ponderada2/install/turtlesim/local/lib/python3.10/dist-packages/turtlesim/action
[24.054s] -- Installing: /home/manu/Projects/exercicios-mod8/ponderada2/install/turtlesim/local/lib/python3.10/dist-packages/turtlesim/action/_rotate_absolute_s.c
[24.054s] -- Installing: /home/manu/Projects/exercicios-mod8/ponderada2/install/turtlesim/local/lib/python3.10/dist-packages/turtlesim/action/__init__.py
[24.054s] -- Installing: /home/manu/Projects/exercicios-mod8/ponderada2/install/turtlesim/local/lib/python3.10/dist-packages/turtlesim/action/_rotate_absolute.py
[24.054s] -- Installing: /home/manu/Projects/exercicios-mod8/ponderada2/install/turtlesim/local/lib/python3.10/dist-packages/turtlesim/msg
[24.054s] -- Installing: /home/manu/Projects/exercicios-mod8/ponderada2/install/turtlesim/local/lib/python3.10/dist-packages/turtlesim/msg/__init__.py
[24.054s] -- Installing: /home/manu/Projects/exercicios-mod8/ponderada2/install/turtlesim/local/lib/python3.10/dist-packages/turtlesim/msg/_pose.py
[24.054s] -- Installing: /home/manu/Projects/exercicios-mod8/ponderada2/install/turtlesim/local/lib/python3.10/dist-packages/turtlesim/msg/_color_s.c
[24.055s] -- Installing: /home/manu/Projects/exercicios-mod8/ponderada2/install/turtlesim/local/lib/python3.10/dist-packages/turtlesim/msg/_pose_s.c
[24.055s] -- Installing: /home/manu/Projects/exercicios-mod8/ponderada2/install/turtlesim/local/lib/python3.10/dist-packages/turtlesim/msg/_color.py
[24.055s] -- Installing: /home/manu/Projects/exercicios-mod8/ponderada2/install/turtlesim/local/lib/python3.10/dist-packages/turtlesim/_turtlesim_s.ep.rosidl_typesupport_c.c
[24.055s] -- Installing: /home/manu/Projects/exercicios-mod8/ponderada2/install/turtlesim/local/lib/python3.10/dist-packages/turtlesim/turtlesim_s__rosidl_typesupport_introspection_c.cpython-310-x86_64-linux-gnu.so
[24.055s] -- Installing: /home/manu/Projects/exercicios-mod8/ponderada2/install/turtlesim/local/lib/python3.10/dist-packages/turtlesim/turtlesim_s__rosidl_typesupport_c.cpython-310-x86_64-linux-gnu.so
[24.055s] -- Installing: /home/manu/Projects/exercicios-mod8/ponderada2/install/turtlesim/local/lib/python3.10/dist-packages/turtlesim/_turtlesim_s.ep.rosidl_typesupport_introspection_c.c
[24.088s] Listing '/home/manu/Projects/exercicios-mod8/ponderada2/install/turtlesim/local/lib/python3.10/dist-packages/turtlesim'...
[24.088s] Compiling '/home/manu/Projects/exercicios-mod8/ponderada2/install/turtlesim/local/lib/python3.10/dist-packages/turtlesim/__init__.py'...
[24.089s] Listing '/home/manu/Projects/exercicios-mod8/ponderada2/install/turtlesim/local/lib/python3.10/dist-packages/turtlesim/action'...
[24.089s] Compiling '/home/manu/Projects/exercicios-mod8/ponderada2/install/turtlesim/local/lib/python3.10/dist-packages/turtlesim/action/__init__.py'...
[24.089s] Compiling '/home/manu/Projects/exercicios-mod8/ponderada2/install/turtlesim/local/lib/python3.10/dist-packages/turtlesim/action/_rotate_absolute.py'...
[24.089s] Listing '/home/manu/Projects/exercicios-mod8/ponderada2/install/turtlesim/local/lib/python3.10/dist-packages/turtlesim/msg'...
[24.089s] Compiling '/home/manu/Projects/exercicios-mod8/ponderada2/install/turtlesim/local/lib/python3.10/dist-packages/turtlesim/msg/__init__.py'...
[24.089s] Compiling '/home/manu/Projects/exercicios-mod8/ponderada2/install/turtlesim/local/lib/python3.10/dist-packages/turtlesim/msg/_color.py'...
[24.089s] Compiling '/home/manu/Projects/exercicios-mod8/ponderada2/install/turtlesim/local/lib/python3.10/dist-packages/turtlesim/msg/_pose.py'...
[24.089s] Listing '/home/manu/Projects/exercicios-mod8/ponderada2/install/turtlesim/local/lib/python3.10/dist-packages/turtlesim/srv'...
[24.089s] Compiling '/home/manu/Projects/exercicios-mod8/ponderada2/install/turtlesim/local/lib/python3.10/dist-packages/turtlesim/srv/__init__.py'...
[24.089s] Compiling '/home/manu/Projects/exercicios-mod8/ponderada2/install/turtlesim/local/lib/python3.10/dist-packages/turtlesim/srv/_kill.py'...
[24.089s] Compiling '/home/manu/Projects/exercicios-mod8/ponderada2/install/turtlesim/local/lib/python3.10/dist-packages/turtlesim/srv/_set_pen.py'...
[24.089s] Compiling '/home/manu/Projects/exercicios-mod8/ponderada2/install/turtlesim/local/lib/python3.10/dist-packages/turtlesim/srv/_spawn.py'...
[24.089s] Compiling '/home/manu/Projects/exercicios-mod8/ponderada2/install/turtlesim/local/lib/python3.10/dist-packages/turtlesim/srv/_teleport_absolute.py'...
[24.089s] Compiling '/home/manu/Projects/exercicios-mod8/ponderada2/install/turtlesim/local/lib/python3.10/dist-packages/turtlesim/srv/_teleport_relative.py'...
[24.092s] -- Installing: /home/manu/Projects/exercicios-mod8/ponderada2/install/turtlesim/local/lib/python3.10/dist-packages/turtlesim/turtlesim_s__rosidl_typesupport_fastrtps_c.cpython-310-x86_64-linux-gnu.so
[24.092s] -- Set runtime path of "/home/manu/Projects/exercicios-mod8/ponderada2/install/turtlesim/local/lib/python3.10/dist-packages/turtlesim/turtlesim_s__rosidl_typesupport_fastrtps_c.cpython-310-x86_64-linux-gnu.so" to ""
[24.092s] -- Installing: /home/manu/Projects/exercicios-mod8/ponderada2/install/turtlesim/local/lib/python3.10/dist-packages/turtlesim/turtlesim_s__rosidl_typesupport_introspection_c.cpython-310-x86_64-linux-gnu.so
[24.092s] -- Set runtime path of "/home/manu/Projects/exercicios-mod8/ponderada2/install/turtlesim/local/lib/python3.10/dist-packages/turtlesim/turtlesim_s__rosidl_typesupport_introspection_c.cpython-310-x86_64-linux-gnu.so" to ""
[24.092s] -- Installing: /home/manu/Projects/exercicios-mod8/ponderada2/install/turtlesim/local/lib/python3.10/dist-packages/turtlesim/turtlesim_s__rosidl_typesupport_c.cpython-310-x86_64-linux-gnu.so
[24.093s] -- Set runtime path of "/home/manu/Projects/exercicios-mod8/ponderada2/install/turtlesim/local/lib/python3.10/dist-packages/turtlesim/turtlesim_s__rosidl_typesupport_c.cpython-310-x86_64-linux-gnu.so" to ""
[24.093s] -- Installing: /home/manu/Projects/exercicios-mod8/ponderada2/install/turtlesim/lib/libturtlesim__rosidl_generator_py.so
[24.093s] -- Set runtime path of "/home/manu/Projects/exercicios-mod8/ponderada2/install/turtlesim/lib/libturtlesim__rosidl_generator_py.so" to ""
[24.094s] -- Installing: /home/manu/Projects/exercicios-mod8/ponderada2/install/turtlesim/share/turtlesim/action/RotateAbsolute.idl
[24.094s] -- Installing: /home/manu/Projects/exercicios-mod8/ponderada2/install/turtlesim/share/turtlesim/msg/Color.idl
[24.094s] -- Installing: /home/manu/Projects/exercicios-mod8/ponderada2/install/turtlesim/share/turtlesim/msg/Pose.idl
[24.094s] -- Installing: /home/manu/Projects/exercicios-mod8/ponderada2/install/turtlesim/share/turtlesim/srv/Kill.idl
[24.094s] -- Installing: /home/manu/Projects/exercicios-mod8/ponderada2/install/turtlesim/share/turtlesim/srv/SetPen.idl
[24.094s] -- Installing: /home/manu/Projects/exercicios-mod8/ponderada2/install/turtlesim/share/turtlesim/srv/Spawn.idl
[24.094s] -- Installing: /home/manu/Projects/exercicios-mod8/ponderada2/install/turtlesim/share/turtlesim/srv/TeleportAbsolute.idl
[24.094s] -- Installing: /home/manu/Projects/exercicios-mod8/ponderada2/install/turtlesim/share/turtlesim/srv/TeleportRelative.idl
[24.094s] -- Installing: /home/manu/Projects/exercicios-mod8/ponderada2/install/turtlesim/share/turtlesim/action/RotateAbsolute.action
[24.094s] -- Installing: /home/manu/Projects/exercicios-mod8/ponderada2/install/turtlesim/share/turtlesim/msg/Color.msg
[24.094s] -- Installing: /home/manu/Projects/exercicios-mod8/ponderada2/install/turtlesim/share/turtlesim/msg/Pose.msg
[24.094s] -- Installing: /home/manu/Projects/exercicios-mod8/ponderada2/install/turtlesim/share/turtlesim/srv/Kill.srv
[24.094s] -- Installing: /home/manu/Projects/exercicios-mod8/ponderada2/install/turtlesim/share/turtlesim/srv/Kill_Request.msg
[24.095s] -- Installing: /home/manu/Projects/exercicios-mod8/ponderada2/install/turtlesim/share/turtlesim/srv/Kill_Response.msg
[24.095s] -- Installing: /home/manu/Projects/exercicios-mod8/ponderada2/install/turtlesim/share/turtlesim/srv/SetPen.srv
[24.095s] -- Installing: /home/manu/Projects/exercicios-mod8/ponderada2/install/turtlesim/share/turtlesim/srv/SetPen_Request.msg
[24.095s] -- Installing: /home/manu/Projects/exercicios-mod8/ponderada2/install/turtlesim/share/turtlesim/srv/SetPen_Response.msg
[24.095s] -- Installing: /home/manu/Projects/exercicios-mod8/ponderada2/install/turtlesim/share/turtlesim/srv/Spawn.srv
[24.095s] -- Installing: /home/manu/Projects/exercicios-mod8/ponderada2/install/turtlesim/share/turtlesim/srv/Spawn_Request.msg
[24.095s] -- Installing: /home/manu/Projects/exercicios-mod8/ponderada2/install/turtlesim/share/turtlesim/srv/Spawn_Response.msg
[24.095s] -- Installing: /home/manu/Projects/exercicios-mod8/ponderada2/install/turtlesim/share/turtlesim/srv/TeleportAbsolute.srv
[24.095s] -- Installing: /home/manu/Projects/exercicios-mod8/ponderada2/install/turtlesim/share/turtlesim/srv/TeleportAbsolute_Request.msg
[24.095s] -- Installing: /home/manu/Projects/exercicios-mod8/ponderada2/install/turtlesim/share/turtlesim/srv/TeleportAbsolute_Response.msg
[24.095s] -- Installing: /home/manu/Projects/exercicios-mod8/ponderada2/install/turtlesim/share/turtlesim/srv/TeleportRelative.srv
[24.095s] -- Installing: /home/manu/Projects/exercicios-mod8/ponderada2/install/turtlesim/share/turtlesim/srv/TeleportRelative_Request.msg
[24.095s] -- Installing: /home/manu/Projects/exercicios-mod8/ponderada2/install/turtlesim/share/turtlesim/srv/TeleportRelative_Response.msg
[24.095s] -- Installing: /home/manu/Projects/exercicios-mod8/ponderada2/install/turtlesim/lib/turtlesim/turtlesim_node
[24.105s] -- Set runtime path of "/home/manu/Projects/exercicios-mod8/ponderada2/install/turtlesim/lib/turtlesim/turtlesim_node" to ""
[24.106s] -- Installing: /home/manu/Projects/exercicios-mod8/ponderada2/install/turtlesim/lib/turtlesim/turtle_teleop_key
[24.108s] -- Set runtime path of "/home/manu/Projects/exercicios-mod8/ponderada2/install/turtlesim/lib/turtlesim/turtle_teleop_key" to ""
[24.108s] -- Installing: /home/manu/Projects/exercicios-mod8/ponderada2/install/turtlesim/lib/turtlesim/draw_square
[24.112s] -- Set runtime path of "/home/manu/Projects/exercicios-mod8/ponderada2/install/turtlesim/lib/turtlesim/draw_square" to ""
[24.112s] -- Installing: /home/manu/Projects/exercicios-mod8/ponderada2/install/turtlesim/lib/turtlesim/mimic
[24.117s] -- Set runtime path of "/home/manu/Projects/exercicios-mod8/ponderada2/install/turtlesim/lib/turtlesim/mimic" to ""
[24.117s] -- Installing: /home/manu/Projects/exercicios-mod8/ponderada2/install/turtlesim/share/turtlesim/images
[24.117s] -- Installing: /home/manu/Projects/exercicios-mod8/ponderada2/install/turtlesim/share/turtlesim/images/rolling.png
[24.117s] -- Installing: /home/manu/Projects/exercicios-mod8/ponderada2/install/turtlesim/share/turtlesim/images/eloquent.png
[24.117s] -- Installing: /home/manu/Projects/exercicios-mod8/ponderada2/install/turtlesim/share/turtlesim/images/galactic.png
[24.117s] -- Installing: /home/manu/Projects/exercicios-mod8/ponderada2/install/turtlesim/share/turtlesim/images/crystal.png
[24.117s] -- Installing: /home/manu/Projects/exercicios-mod8/ponderada2/install/turtlesim/share/turtlesim/images/humble.png
[24.117s] -- Installing: /home/manu/Projects/exercicios-mod8/ponderada2/install/turtlesim/share/turtlesim/images/bouncy.png
[24.117s] -- Installing: /home/manu/Projects/exercicios-mod8/ponderada2/install/turtlesim/share/turtlesim/images/ardent.png
[24.117s] -- Installing: /home/manu/Projects/exercicios-mod8/ponderada2/install/turtlesim/share/turtlesim/images/foxy.png
[24.117s] -- Installing: /home/manu/Projects/exercicios-mod8/ponderada2/install/turtlesim/share/turtlesim/images/dashing.png
[24.117s] -- Installing: /home/manu/Projects/exercicios-mod8/ponderada2/install/turtlesim/share/turtlesim/launch
[24.117s] -- Installing: /home/manu/Projects/exercicios-mod8/ponderada2/install/turtlesim/share/turtlesim/launch/multisim.launch.py
[24.117s] -- Installing: /home/manu/Projects/exercicios-mod8/ponderada2/install/turtlesim/share/ament_index/resource_index/package_run_dependencies/turtlesim
[24.117s] -- Installing: /home/manu/Projects/exercicios-mod8/ponderada2/install/turtlesim/share/ament_index/resource_index/parent_prefix_path/turtlesim
[24.117s] -- Installing: /home/manu/Projects/exercicios-mod8/ponderada2/install/turtlesim/share/turtlesim/environment/ament_prefix_path.sh
[24.117s] -- Installing: /home/manu/Projects/exercicios-mod8/ponderada2/install/turtlesim/share/turtlesim/environment/ament_prefix_path.dsv
[24.117s] -- Installing: /home/manu/Projects/exercicios-mod8/ponderada2/install/turtlesim/share/turtlesim/environment/path.sh
[24.117s] -- Installing: /home/manu/Projects/exercicios-mod8/ponderada2/install/turtlesim/share/turtlesim/environment/path.dsv
[24.117s] -- Installing: /home/manu/Projects/exercicios-mod8/ponderada2/install/turtlesim/share/turtlesim/local_setup.bash
[24.117s] -- Installing: /home/manu/Projects/exercicios-mod8/ponderada2/install/turtlesim/share/turtlesim/local_setup.sh
[24.118s] -- Installing: /home/manu/Projects/exercicios-mod8/ponderada2/install/turtlesim/share/turtlesim/local_setup.zsh
[24.118s] -- Installing: /home/manu/Projects/exercicios-mod8/ponderada2/install/turtlesim/share/turtlesim/local_setup.dsv
[24.118s] -- Installing: /home/manu/Projects/exercicios-mod8/ponderada2/install/turtlesim/share/turtlesim/package.dsv
[24.118s] -- Installing: /home/manu/Projects/exercicios-mod8/ponderada2/install/turtlesim/share/ament_index/resource_index/packages/turtlesim
[24.118s] -- Installing: /home/manu/Projects/exercicios-mod8/ponderada2/install/turtlesim/share/turtlesim/cmake/export_turtlesim__rosidl_generator_cExport.cmake
[24.118s] -- Installing: /home/manu/Projects/exercicios-mod8/ponderada2/install/turtlesim/share/turtlesim/cmake/export_turtlesim__rosidl_generator_cExport-noconfig.cmake
[24.118s] -- Installing: /home/manu/Projects/exercicios-mod8/ponderada2/install/turtlesim/share/turtlesim/cmake/export_turtlesim__rosidl_typesupport_fastrtps_cExport.cmake
[24.118s] -- Installing: /home/manu/Projects/exercicios-mod8/ponderada2/install/turtlesim/share/turtlesim/cmake/export_turtlesim__rosidl_typesupport_fastrtps_cExport-noconfig.cmake
[24.118s] -- Installing: /home/manu/Projects/exercicios-mod8/ponderada2/install/turtlesim/share/turtlesim/cmake/export_turtlesim__rosidl_generator_cppExport.cmake
[24.118s] -- Installing: /home/manu/Projects/exercicios-mod8/ponderada2/install/turtlesim/share/turtlesim/cmake/export_turtlesim__rosidl_typesupport_fastrtps_cppExport.cmake
[24.118s] -- Installing: /home/manu/Projects/exercicios-mod8/ponderada2/install/turtlesim/share/turtlesim/cmake/export_turtlesim__rosidl_typesupport_fastrtps_cppExport-noconfig.cmake
[24.118s] -- Installing: /home/manu/Projects/exercicios-mod8/ponderada2/install/turtlesim/share/turtlesim/cmake/turtlesim__rosidl_typesupport_introspection_cExport.cmake
[24.118s] -- Installing: /home/manu/Projects/exercicios-mod8/ponderada2/install/turtlesim/share/turtlesim/cmake/turtlesim__rosidl_typesupport_introspection_cExport-noconfig.cmake
[24.119s] -- Installing: /home/manu/Projects/exercicios-mod8/ponderada2/install/turtlesim/share/turtlesim/cmake/turtlesim__rosidl_typesupport_cExport.cmake
[24.119s] -- Installing: /home/manu/Projects/exercicios-mod8/ponderada2/install/turtlesim/share/turtlesim/cmake/turtlesim__rosidl_typesupport_cExport-noconfig.cmake
[24.119s] -- Installing: /home/manu/Projects/exercicios-mod8/ponderada2/install/turtlesim/share/turtlesim/cmake/turtlesim__rosidl_typesupport_introspection_cppExport.cmake
[24.119s] -- Installing: /home/manu/Projects/exercicios-mod8/ponderada2/install/turtlesim/share/turtlesim/cmake/turtlesim__rosidl_typesupport_introspection_cppExport-noconfig.cmake
[24.119s] -- Installing: /home/manu/Projects/exercicios-mod8/ponderada2/install/turtlesim/share/turtlesim/cmake/turtlesim__rosidl_typesupport_cppExport.cmake
[24.119s] -- Installing: /home/manu/Projects/exercicios-mod8/ponderada2/install/turtlesim/share/turtlesim/cmake/turtlesim__rosidl_typesupport_cppExport-noconfig.cmake
[24.119s] -- Installing: /home/manu/Projects/exercicios-mod8/ponderada2/install/turtlesim/share/turtlesim/cmake/export_turtlesim__rosidl_generator_pyExport.cmake
[24.119s] -- Installing: /home/manu/Projects/exercicios-mod8/ponderada2/install/turtlesim/share/turtlesim/cmake/export_turtlesim__rosidl_generator_pyExport-noconfig.cmake
[24.119s] -- Installing: /home/manu/Projects/exercicios-mod8/ponderada2/install/turtlesim/share/turtlesim/cmake/rosidl_cmake-extras.cmake
[24.119s] -- Installing: /home/manu/Projects/exercicios-mod8/ponderada2/install/turtlesim/share/turtlesim/cmake/ament_cmake_export_dependencies-extras.cmake
[24.119s] -- Installing: /home/manu/Projects/exercicios-mod8/ponderada2/install/turtlesim/share/turtlesim/cmake/ament_cmake_export_include_directories-extras.cmake
[24.119s] -- Installing: /home/manu/Projects/exercicios-mod8/ponderada2/install/turtlesim/share/turtlesim/cmake/ament_cmake_export_libraries-extras.cmake
[24.120s] -- Installing: /home/manu/Projects/exercicios-mod8/ponderada2/install/turtlesim/share/turtlesim/cmake/ament_cmake_export_targets-extras.cmake
[24.120s] -- Installing: /home/manu/Projects/exercicios-mod8/ponderada2/install/turtlesim/share/turtlesim/cmake/rosidl_cmake_export_typesupport_targets-extras.cmake
[24.120s] -- Installing: /home/manu/Projects/exercicios-mod8/ponderada2/install/turtlesim/share/turtlesim/cmake/rosidl_cmake_export_typesupport_libraries-extras.cmake
[24.120s] -- Installing: /home/manu/Projects/exercicios-mod8/ponderada2/install/turtlesim/share/turtlesim/cmake/turtlesimConfig.cmake
[24.120s] -- Installing: /home/manu/Projects/exercicios-mod8/ponderada2/install/turtlesim/share/turtlesim/cmake/turtlesimConfig-version.cmake
[24.120s] -- Installing: /home/manu/Projects/exercicios-mod8/ponderada2/install/turtlesim/share/turtlesim/package.xml
[24.122s] Invoked command in '/home/manu/Projects/exercicios-mod8/ponderada2/build/turtlesim' returned '0': CMAKE_PREFIX_PATH=/opt/ros/humble /usr/bin/cmake --install /home/manu/Projects/exercicios-mod8/ponderada2/build/turtlesim
