[0.862s] Invoking command in '/home/manu/Projects/exercicios-mod8/ponderada2/my_package': PYTHONPATH=/home/manu/Projects/exercicios-mod8/ponderada2/build/my_package/prefix_override:/home/manu/Projects/exercicios-mod8/ponderada2/install/my_package/lib/python3.10/site-packages:${PYTHONPATH} /usr/bin/python3 setup.py egg_info --egg-base ../build/my_package build --build-base /home/manu/Projects/exercicios-mod8/ponderada2/build/my_package/build install --record /home/manu/Projects/exercicios-mod8/ponderada2/build/my_package/install.log --single-version-externally-managed
[1.062s] running egg_info
[1.063s] writing ../build/my_package/my_package.egg-info/PKG-INFO
[1.063s] writing dependency_links to ../build/my_package/my_package.egg-info/dependency_links.txt
[1.063s] writing entry points to ../build/my_package/my_package.egg-info/entry_points.txt
[1.064s] writing requirements to ../build/my_package/my_package.egg-info/requires.txt
[1.064s] writing top-level names to ../build/my_package/my_package.egg-info/top_level.txt
[1.066s] reading manifest file '../build/my_package/my_package.egg-info/SOURCES.txt'
[1.067s] writing manifest file '../build/my_package/my_package.egg-info/SOURCES.txt'
[1.067s] running build
[1.067s] running build_py
[1.068s] running install
[1.068s] /usr/lib/python3/dist-packages/setuptools/command/install.py:34: SetuptoolsDeprecationWarning: setup.py install is deprecated. Use build and pip and other standards-based tools.
[1.068s]   warnings.warn(
[1.068s] running install_lib
[1.069s] running install_data
[1.070s] running install_egg_info
[1.073s] removing '/home/manu/Projects/exercicios-mod8/ponderada2/install/my_package/lib/python3.10/site-packages/my_package-0.0.0-py3.10.egg-info' (and everything under it)
[1.073s] Copying ../build/my_package/my_package.egg-info to /home/manu/Projects/exercicios-mod8/ponderada2/install/my_package/lib/python3.10/site-packages/my_package-0.0.0-py3.10.egg-info
[1.073s] running install_scripts
[1.097s] Installing my_node script to /home/manu/Projects/exercicios-mod8/ponderada2/install/my_package/lib/my_package
[1.097s] writing list of installed files to '/home/manu/Projects/exercicios-mod8/ponderada2/build/my_package/install.log'
[1.151s] Invoked command in '/home/manu/Projects/exercicios-mod8/ponderada2/my_package' returned '0': PYTHONPATH=/home/manu/Projects/exercicios-mod8/ponderada2/build/my_package/prefix_override:/home/manu/Projects/exercicios-mod8/ponderada2/install/my_package/lib/python3.10/site-packages:${PYTHONPATH} /usr/bin/python3 setup.py egg_info --egg-base ../build/my_package build --build-base /home/manu/Projects/exercicios-mod8/ponderada2/build/my_package/build install --record /home/manu/Projects/exercicios-mod8/ponderada2/build/my_package/install.log --single-version-externally-managed
