[0.805s] Invoking command in '/home/manu/Projects/exercicios-mod8/ponderada2/src/ola_mundo': PYTHONPATH=/home/manu/Projects/exercicios-mod8/ponderada2/build/ola_mundo/prefix_override:/home/manu/Projects/exercicios-mod8/ponderada2/install/ola_mundo/lib/python3.10/site-packages:${PYTHONPATH} /usr/bin/python3 setup.py egg_info --egg-base ../../build/ola_mundo build --build-base /home/manu/Projects/exercicios-mod8/ponderada2/build/ola_mundo/build install --record /home/manu/Projects/exercicios-mod8/ponderada2/build/ola_mundo/install.log --single-version-externally-managed
[0.981s] running egg_info
[0.982s] creating ../../build/ola_mundo/ola_mundo.egg-info
[0.982s] writing ../../build/ola_mundo/ola_mundo.egg-info/PKG-INFO
[0.982s] writing dependency_links to ../../build/ola_mundo/ola_mundo.egg-info/dependency_links.txt
[0.982s] writing entry points to ../../build/ola_mundo/ola_mundo.egg-info/entry_points.txt
[0.982s] writing requirements to ../../build/ola_mundo/ola_mundo.egg-info/requires.txt
[0.982s] writing top-level names to ../../build/ola_mundo/ola_mundo.egg-info/top_level.txt
[0.982s] writing manifest file '../../build/ola_mundo/ola_mundo.egg-info/SOURCES.txt'
[0.984s] reading manifest file '../../build/ola_mundo/ola_mundo.egg-info/SOURCES.txt'
[0.985s] writing manifest file '../../build/ola_mundo/ola_mundo.egg-info/SOURCES.txt'
[0.985s] running build
[0.985s] running build_py
[0.985s] creating /home/manu/Projects/exercicios-mod8/ponderada2/build/ola_mundo/build
[0.985s] creating /home/manu/Projects/exercicios-mod8/ponderada2/build/ola_mundo/build/lib
[0.985s] creating /home/manu/Projects/exercicios-mod8/ponderada2/build/ola_mundo/build/lib/ola_mundo
[0.986s] copying ola_mundo/ola_mundo.py -> /home/manu/Projects/exercicios-mod8/ponderada2/build/ola_mundo/build/lib/ola_mundo
[0.986s] copying ola_mundo/__init__.py -> /home/manu/Projects/exercicios-mod8/ponderada2/build/ola_mundo/build/lib/ola_mundo
[0.986s] running install
[0.987s] /usr/lib/python3/dist-packages/setuptools/command/install.py:34: SetuptoolsDeprecationWarning: setup.py install is deprecated. Use build and pip and other standards-based tools.
[0.987s]   warnings.warn(
[0.987s] running install_lib
[0.987s] creating /home/manu/Projects/exercicios-mod8/ponderada2/install/ola_mundo/lib/python3.10/site-packages/ola_mundo
[0.987s] copying /home/manu/Projects/exercicios-mod8/ponderada2/build/ola_mundo/build/lib/ola_mundo/ola_mundo.py -> /home/manu/Projects/exercicios-mod8/ponderada2/install/ola_mundo/lib/python3.10/site-packages/ola_mundo
[0.988s] copying /home/manu/Projects/exercicios-mod8/ponderada2/build/ola_mundo/build/lib/ola_mundo/__init__.py -> /home/manu/Projects/exercicios-mod8/ponderada2/install/ola_mundo/lib/python3.10/site-packages/ola_mundo
[0.989s] byte-compiling /home/manu/Projects/exercicios-mod8/ponderada2/install/ola_mundo/lib/python3.10/site-packages/ola_mundo/ola_mundo.py to ola_mundo.cpython-310.pyc
[0.989s] byte-compiling /home/manu/Projects/exercicios-mod8/ponderada2/install/ola_mundo/lib/python3.10/site-packages/ola_mundo/__init__.py to __init__.cpython-310.pyc
[0.989s] running install_data
[0.991s] creating /home/manu/Projects/exercicios-mod8/ponderada2/install/ola_mundo/share/ament_index
[0.991s] creating /home/manu/Projects/exercicios-mod8/ponderada2/install/ola_mundo/share/ament_index/resource_index
[0.991s] creating /home/manu/Projects/exercicios-mod8/ponderada2/install/ola_mundo/share/ament_index/resource_index/packages
[0.991s] copying resource/ola_mundo -> /home/manu/Projects/exercicios-mod8/ponderada2/install/ola_mundo/share/ament_index/resource_index/packages
[0.991s] copying package.xml -> /home/manu/Projects/exercicios-mod8/ponderada2/install/ola_mundo/share/ola_mundo
[0.991s] running install_egg_info
[0.992s] Copying ../../build/ola_mundo/ola_mundo.egg-info to /home/manu/Projects/exercicios-mod8/ponderada2/install/ola_mundo/lib/python3.10/site-packages/ola_mundo-0.0.0-py3.10.egg-info
[0.993s] running install_scripts
[1.006s] Installing ola script to /home/manu/Projects/exercicios-mod8/ponderada2/install/ola_mundo/lib/ola_mundo
[1.006s] writing list of installed files to '/home/manu/Projects/exercicios-mod8/ponderada2/build/ola_mundo/install.log'
[1.053s] Invoked command in '/home/manu/Projects/exercicios-mod8/ponderada2/src/ola_mundo' returned '0': PYTHONPATH=/home/manu/Projects/exercicios-mod8/ponderada2/build/ola_mundo/prefix_override:/home/manu/Projects/exercicios-mod8/ponderada2/install/ola_mundo/lib/python3.10/site-packages:${PYTHONPATH} /usr/bin/python3 setup.py egg_info --egg-base ../../build/ola_mundo build --build-base /home/manu/Projects/exercicios-mod8/ponderada2/build/ola_mundo/build install --record /home/manu/Projects/exercicios-mod8/ponderada2/build/ola_mundo/install.log --single-version-externally-managed
