[0.890s] Invoking command in '/home/manu/Projects/exercicios-mod8/ponderada2/my_package': PYTHONPATH=/home/manu/Projects/exercicios-mod8/ponderada2/build/my_package/prefix_override:/home/manu/Projects/exercicios-mod8/ponderada2/install/my_package/lib/python3.10/site-packages:${PYTHONPATH} /usr/bin/python3 setup.py egg_info --egg-base ../build/my_package build --build-base /home/manu/Projects/exercicios-mod8/ponderada2/build/my_package/build install --record /home/manu/Projects/exercicios-mod8/ponderada2/build/my_package/install.log --single-version-externally-managed
[1.048s] running egg_info
[1.048s] creating ../build/my_package/my_package.egg-info
[1.049s] writing ../build/my_package/my_package.egg-info/PKG-INFO
[1.049s] writing dependency_links to ../build/my_package/my_package.egg-info/dependency_links.txt
[1.049s] writing entry points to ../build/my_package/my_package.egg-info/entry_points.txt
[1.049s] writing requirements to ../build/my_package/my_package.egg-info/requires.txt
[1.049s] writing top-level names to ../build/my_package/my_package.egg-info/top_level.txt
[1.049s] writing manifest file '../build/my_package/my_package.egg-info/SOURCES.txt'
[1.050s] reading manifest file '../build/my_package/my_package.egg-info/SOURCES.txt'
[1.050s] writing manifest file '../build/my_package/my_package.egg-info/SOURCES.txt'
[1.050s] running build
[1.050s] running build_py
[1.051s] creating /home/manu/Projects/exercicios-mod8/ponderada2/build/my_package/build
[1.051s] creating /home/manu/Projects/exercicios-mod8/ponderada2/build/my_package/build/lib
[1.051s] creating /home/manu/Projects/exercicios-mod8/ponderada2/build/my_package/build/lib/my_package
[1.051s] copying my_package/my_node.py -> /home/manu/Projects/exercicios-mod8/ponderada2/build/my_package/build/lib/my_package
[1.051s] copying my_package/__init__.py -> /home/manu/Projects/exercicios-mod8/ponderada2/build/my_package/build/lib/my_package
[1.051s] running install
[1.052s] /usr/lib/python3/dist-packages/setuptools/command/install.py:34: SetuptoolsDeprecationWarning: setup.py install is deprecated. Use build and pip and other standards-based tools.
[1.053s]   warnings.warn(
[1.053s] running install_lib
[1.053s] creating /home/manu/Projects/exercicios-mod8/ponderada2/install/my_package/lib/python3.10/site-packages/my_package
[1.053s] copying /home/manu/Projects/exercicios-mod8/ponderada2/build/my_package/build/lib/my_package/my_node.py -> /home/manu/Projects/exercicios-mod8/ponderada2/install/my_package/lib/python3.10/site-packages/my_package
[1.053s] copying /home/manu/Projects/exercicios-mod8/ponderada2/build/my_package/build/lib/my_package/__init__.py -> /home/manu/Projects/exercicios-mod8/ponderada2/install/my_package/lib/python3.10/site-packages/my_package
[1.053s] byte-compiling /home/manu/Projects/exercicios-mod8/ponderada2/install/my_package/lib/python3.10/site-packages/my_package/my_node.py to my_node.cpython-310.pyc
[1.053s] byte-compiling /home/manu/Projects/exercicios-mod8/ponderada2/install/my_package/lib/python3.10/site-packages/my_package/__init__.py to __init__.cpython-310.pyc
[1.054s] running install_data
[1.054s] creating /home/manu/Projects/exercicios-mod8/ponderada2/install/my_package/share/ament_index
[1.054s] creating /home/manu/Projects/exercicios-mod8/ponderada2/install/my_package/share/ament_index/resource_index
[1.054s] creating /home/manu/Projects/exercicios-mod8/ponderada2/install/my_package/share/ament_index/resource_index/packages
[1.054s] copying resource/my_package -> /home/manu/Projects/exercicios-mod8/ponderada2/install/my_package/share/ament_index/resource_index/packages
[1.054s] copying package.xml -> /home/manu/Projects/exercicios-mod8/ponderada2/install/my_package/share/my_package
[1.054s] running install_egg_info
[1.055s] Copying ../build/my_package/my_package.egg-info to /home/manu/Projects/exercicios-mod8/ponderada2/install/my_package/lib/python3.10/site-packages/my_package-0.0.0-py3.10.egg-info
[1.056s] running install_scripts
[1.069s] Installing my_node script to /home/manu/Projects/exercicios-mod8/ponderada2/install/my_package/lib/my_package
[1.070s] writing list of installed files to '/home/manu/Projects/exercicios-mod8/ponderada2/build/my_package/install.log'
[1.086s] Invoked command in '/home/manu/Projects/exercicios-mod8/ponderada2/my_package' returned '0': PYTHONPATH=/home/manu/Projects/exercicios-mod8/ponderada2/build/my_package/prefix_override:/home/manu/Projects/exercicios-mod8/ponderada2/install/my_package/lib/python3.10/site-packages:${PYTHONPATH} /usr/bin/python3 setup.py egg_info --egg-base ../build/my_package build --build-base /home/manu/Projects/exercicios-mod8/ponderada2/build/my_package/build install --record /home/manu/Projects/exercicios-mod8/ponderada2/build/my_package/install.log --single-version-externally-managed
