[0.808s] Invoking command in '/home/manu/Projects/exercicios-mod8/ponderada2/src/ola_mundo': PYTHONPATH=/home/manu/Projects/exercicios-mod8/ponderada2/build/ola_mundo/prefix_override:/home/manu/Projects/exercicios-mod8/ponderada2/install/ola_mundo/lib/python3.10/site-packages:${PYTHONPATH} /usr/bin/python3 setup.py egg_info --egg-base ../../build/ola_mundo build --build-base /home/manu/Projects/exercicios-mod8/ponderada2/build/ola_mundo/build install --record /home/manu/Projects/exercicios-mod8/ponderada2/build/ola_mundo/install.log --single-version-externally-managed
[0.990s] running egg_info
[0.990s] writing ../../build/ola_mundo/ola_mundo.egg-info/PKG-INFO
[0.991s] writing dependency_links to ../../build/ola_mundo/ola_mundo.egg-info/dependency_links.txt
[0.991s] writing entry points to ../../build/ola_mundo/ola_mundo.egg-info/entry_points.txt
[0.991s] writing requirements to ../../build/ola_mundo/ola_mundo.egg-info/requires.txt
[0.991s] writing top-level names to ../../build/ola_mundo/ola_mundo.egg-info/top_level.txt
[0.991s] reading manifest file '../../build/ola_mundo/ola_mundo.egg-info/SOURCES.txt'
[0.991s] writing manifest file '../../build/ola_mundo/ola_mundo.egg-info/SOURCES.txt'
[0.991s] running build
[0.991s] running build_py
[0.991s] /usr/lib/python3/dist-packages/setuptools/command/install.py:34: SetuptoolsDeprecationWarning: setup.py install is deprecated. Use build and pip and other standards-based tools.
[0.991s]   warnings.warn(
[0.991s] copying ola_mundo/ola.py -> /home/manu/Projects/exercicios-mod8/ponderada2/build/ola_mundo/build/lib/ola_mundo
[0.991s] running install
[0.992s] running install_lib
[0.992s] copying /home/manu/Projects/exercicios-mod8/ponderada2/build/ola_mundo/build/lib/ola_mundo/ola.py -> /home/manu/Projects/exercicios-mod8/ponderada2/install/ola_mundo/lib/python3.10/site-packages/ola_mundo
[0.992s] byte-compiling /home/manu/Projects/exercicios-mod8/ponderada2/install/ola_mundo/lib/python3.10/site-packages/ola_mundo/ola.py to ola.cpython-310.pyc
[0.992s] running install_data
[0.992s] running install_egg_info
[0.993s] removing '/home/manu/Projects/exercicios-mod8/ponderada2/install/ola_mundo/lib/python3.10/site-packages/ola_mundo-0.0.0-py3.10.egg-info' (and everything under it)
[0.993s] Copying ../../build/ola_mundo/ola_mundo.egg-info to /home/manu/Projects/exercicios-mod8/ponderada2/install/ola_mundo/lib/python3.10/site-packages/ola_mundo-0.0.0-py3.10.egg-info
[0.994s] running install_scripts
[1.012s] Installing ola script to /home/manu/Projects/exercicios-mod8/ponderada2/install/ola_mundo/lib/ola_mundo
[1.012s] writing list of installed files to '/home/manu/Projects/exercicios-mod8/ponderada2/build/ola_mundo/install.log'
[1.082s] Invoked command in '/home/manu/Projects/exercicios-mod8/ponderada2/src/ola_mundo' returned '0': PYTHONPATH=/home/manu/Projects/exercicios-mod8/ponderada2/build/ola_mundo/prefix_override:/home/manu/Projects/exercicios-mod8/ponderada2/install/ola_mundo/lib/python3.10/site-packages:${PYTHONPATH} /usr/bin/python3 setup.py egg_info --egg-base ../../build/ola_mundo build --build-base /home/manu/Projects/exercicios-mod8/ponderada2/build/ola_mundo/build install --record /home/manu/Projects/exercicios-mod8/ponderada2/build/ola_mundo/install.log --single-version-externally-managed
