[0.818s] Invoking command in '/home/manu/Projects/exercicios-mod8/ponderada2/src/ola_mundo': PYTHONPATH=/home/manu/Projects/exercicios-mod8/ponderada2/build/ola_mundo/prefix_override:/home/manu/Projects/exercicios-mod8/ponderada2/install/ola_mundo/lib/python3.10/site-packages:${PYTHONPATH} /usr/bin/python3 setup.py egg_info --egg-base ../../build/ola_mundo build --build-base /home/manu/Projects/exercicios-mod8/ponderada2/build/ola_mundo/build install --record /home/manu/Projects/exercicios-mod8/ponderada2/build/ola_mundo/install.log --single-version-externally-managed
[1.009s] running egg_info
[1.010s] writing ../../build/ola_mundo/ola_mundo.egg-info/PKG-INFO
[1.010s] writing dependency_links to ../../build/ola_mundo/ola_mundo.egg-info/dependency_links.txt
[1.010s] writing entry points to ../../build/ola_mundo/ola_mundo.egg-info/entry_points.txt
[1.011s] writing requirements to ../../build/ola_mundo/ola_mundo.egg-info/requires.txt
[1.011s] writing top-level names to ../../build/ola_mundo/ola_mundo.egg-info/top_level.txt
[1.015s] reading manifest file '../../build/ola_mundo/ola_mundo.egg-info/SOURCES.txt'
[1.016s] writing manifest file '../../build/ola_mundo/ola_mundo.egg-info/SOURCES.txt'
[1.016s] running build
[1.016s] running build_py
[1.017s] running install
[1.017s] /usr/lib/python3/dist-packages/setuptools/command/install.py:34: SetuptoolsDeprecationWarning: setup.py install is deprecated. Use build and pip and other standards-based tools.
[1.017s]   warnings.warn(
[1.017s] running install_lib
[1.018s] running install_data
[1.018s] running install_egg_info
[1.019s] removing '/home/manu/Projects/exercicios-mod8/ponderada2/install/ola_mundo/lib/python3.10/site-packages/ola_mundo-0.0.0-py3.10.egg-info' (and everything under it)
[1.019s] Copying ../../build/ola_mundo/ola_mundo.egg-info to /home/manu/Projects/exercicios-mod8/ponderada2/install/ola_mundo/lib/python3.10/site-packages/ola_mundo-0.0.0-py3.10.egg-info
[1.019s] running install_scripts
[1.039s] Installing ola script to /home/manu/Projects/exercicios-mod8/ponderada2/install/ola_mundo/lib/ola_mundo
[1.040s] writing list of installed files to '/home/manu/Projects/exercicios-mod8/ponderada2/build/ola_mundo/install.log'
[1.134s] Invoked command in '/home/manu/Projects/exercicios-mod8/ponderada2/src/ola_mundo' returned '0': PYTHONPATH=/home/manu/Projects/exercicios-mod8/ponderada2/build/ola_mundo/prefix_override:/home/manu/Projects/exercicios-mod8/ponderada2/install/ola_mundo/lib/python3.10/site-packages:${PYTHONPATH} /usr/bin/python3 setup.py egg_info --egg-base ../../build/ola_mundo build --build-base /home/manu/Projects/exercicios-mod8/ponderada2/build/ola_mundo/build install --record /home/manu/Projects/exercicios-mod8/ponderada2/build/ola_mundo/install.log --single-version-externally-managed
