[0.502s] Invoking command in '/home/manu/Projects/exercicios-mod8/ponderada2/src/my_package': PYTHONPATH=/home/manu/Projects/exercicios-mod8/ponderada2/src/my_package/build/my_package/prefix_override:/home/manu/Projects/exercicios-mod8/ponderada2/src/my_package/install/my_package/lib/python3.10/site-packages:${PYTHONPATH} /usr/bin/python3 setup.py egg_info --egg-base build/my_package build --build-base /home/manu/Projects/exercicios-mod8/ponderada2/src/my_package/build/my_package/build install --record /home/manu/Projects/exercicios-mod8/ponderada2/src/my_package/build/my_package/install.log --single-version-externally-managed
[0.650s] running egg_info
[0.684s] creating build/my_package/my_package.egg-info
[0.684s] writing build/my_package/my_package.egg-info/PKG-INFO
[0.685s] writing dependency_links to build/my_package/my_package.egg-info/dependency_links.txt
[0.685s] writing entry points to build/my_package/my_package.egg-info/entry_points.txt
[0.685s] writing requirements to build/my_package/my_package.egg-info/requires.txt
[0.685s] writing top-level names to build/my_package/my_package.egg-info/top_level.txt
[0.685s] writing manifest file 'build/my_package/my_package.egg-info/SOURCES.txt'
[0.686s] reading manifest file 'build/my_package/my_package.egg-info/SOURCES.txt'
[0.687s] writing manifest file 'build/my_package/my_package.egg-info/SOURCES.txt'
[0.687s] running build
[0.687s] running build_py
[0.687s] creating /home/manu/Projects/exercicios-mod8/ponderada2/src/my_package/build/my_package/build
[0.687s] creating /home/manu/Projects/exercicios-mod8/ponderada2/src/my_package/build/my_package/build/lib
[0.687s] creating /home/manu/Projects/exercicios-mod8/ponderada2/src/my_package/build/my_package/build/lib/my_package
[0.687s] copying my_package/my_node.py -> /home/manu/Projects/exercicios-mod8/ponderada2/src/my_package/build/my_package/build/lib/my_package
[0.687s] copying my_package/__init__.py -> /home/manu/Projects/exercicios-mod8/ponderada2/src/my_package/build/my_package/build/lib/my_package
[0.687s] running install
[0.687s] /usr/lib/python3/dist-packages/setuptools/command/install.py:34: SetuptoolsDeprecationWarning: setup.py install is deprecated. Use build and pip and other standards-based tools.
[0.687s]   warnings.warn(
[0.688s] running install_lib
[0.688s] creating /home/manu/Projects/exercicios-mod8/ponderada2/src/my_package/install/my_package/lib/python3.10/site-packages/my_package
[0.688s] copying /home/manu/Projects/exercicios-mod8/ponderada2/src/my_package/build/my_package/build/lib/my_package/my_node.py -> /home/manu/Projects/exercicios-mod8/ponderada2/src/my_package/install/my_package/lib/python3.10/site-packages/my_package
[0.688s] copying /home/manu/Projects/exercicios-mod8/ponderada2/src/my_package/build/my_package/build/lib/my_package/__init__.py -> /home/manu/Projects/exercicios-mod8/ponderada2/src/my_package/install/my_package/lib/python3.10/site-packages/my_package
[0.688s] byte-compiling /home/manu/Projects/exercicios-mod8/ponderada2/src/my_package/install/my_package/lib/python3.10/site-packages/my_package/my_node.py to my_node.cpython-310.pyc
[0.689s] byte-compiling /home/manu/Projects/exercicios-mod8/ponderada2/src/my_package/install/my_package/lib/python3.10/site-packages/my_package/__init__.py to __init__.cpython-310.pyc
[0.689s] running install_data
[0.689s] creating /home/manu/Projects/exercicios-mod8/ponderada2/src/my_package/install/my_package/share/ament_index
[0.689s] creating /home/manu/Projects/exercicios-mod8/ponderada2/src/my_package/install/my_package/share/ament_index/resource_index
[0.689s] creating /home/manu/Projects/exercicios-mod8/ponderada2/src/my_package/install/my_package/share/ament_index/resource_index/packages
[0.689s] copying resource/my_package -> /home/manu/Projects/exercicios-mod8/ponderada2/src/my_package/install/my_package/share/ament_index/resource_index/packages
[0.689s] copying package.xml -> /home/manu/Projects/exercicios-mod8/ponderada2/src/my_package/install/my_package/share/my_package
[0.689s] creating /home/manu/Projects/exercicios-mod8/ponderada2/src/my_package/install/my_package/share/my_package/launch
[0.689s] copying launch/test_launch.py -> /home/manu/Projects/exercicios-mod8/ponderada2/src/my_package/install/my_package/share/my_package/launch
[0.689s] running install_egg_info
[0.691s] Copying build/my_package/my_package.egg-info to /home/manu/Projects/exercicios-mod8/ponderada2/src/my_package/install/my_package/lib/python3.10/site-packages/my_package-0.0.0-py3.10.egg-info
[0.691s] running install_scripts
[0.705s] Installing my_node script to /home/manu/Projects/exercicios-mod8/ponderada2/src/my_package/install/my_package/lib/my_package
[0.705s] writing list of installed files to '/home/manu/Projects/exercicios-mod8/ponderada2/src/my_package/build/my_package/install.log'
[0.722s] Invoked command in '/home/manu/Projects/exercicios-mod8/ponderada2/src/my_package' returned '0': PYTHONPATH=/home/manu/Projects/exercicios-mod8/ponderada2/src/my_package/build/my_package/prefix_override:/home/manu/Projects/exercicios-mod8/ponderada2/src/my_package/install/my_package/lib/python3.10/site-packages:${PYTHONPATH} /usr/bin/python3 setup.py egg_info --egg-base build/my_package build --build-base /home/manu/Projects/exercicios-mod8/ponderada2/src/my_package/build/my_package/build install --record /home/manu/Projects/exercicios-mod8/ponderada2/src/my_package/build/my_package/install.log --single-version-externally-managed
