[0.460s] Invoking command in '/home/manu/Projects/exercicios-mod8/ponderada2/my_package': PYTHONPATH=/home/manu/Projects/exercicios-mod8/ponderada2/build/my_package/prefix_override:/home/manu/Projects/exercicios-mod8/ponderada2/install/my_package/lib/python3.10/site-packages:${PYTHONPATH} /usr/bin/python3 setup.py egg_info --egg-base ../build/my_package build --build-base /home/manu/Projects/exercicios-mod8/ponderada2/build/my_package/build install --record /home/manu/Projects/exercicios-mod8/ponderada2/build/my_package/install.log --single-version-externally-managed
[0.604s] running egg_info
[0.604s] writing ../build/my_package/my_package.egg-info/PKG-INFO
[0.604s] writing dependency_links to ../build/my_package/my_package.egg-info/dependency_links.txt
[0.605s] writing entry points to ../build/my_package/my_package.egg-info/entry_points.txt
[0.605s] writing requirements to ../build/my_package/my_package.egg-info/requires.txt
[0.605s] writing top-level names to ../build/my_package/my_package.egg-info/top_level.txt
[0.606s] reading manifest file '../build/my_package/my_package.egg-info/SOURCES.txt'
[0.606s] writing manifest file '../build/my_package/my_package.egg-info/SOURCES.txt'
[0.607s] running build
[0.607s] running build_py
[0.607s] running install
[0.607s] /usr/lib/python3/dist-packages/setuptools/command/install.py:34: SetuptoolsDeprecationWarning: setup.py install is deprecated. Use build and pip and other standards-based tools.
[0.607s]   warnings.warn(
[0.607s] running install_lib
[0.608s] running install_data
[0.608s] running install_egg_info
[0.609s] removing '/home/manu/Projects/exercicios-mod8/ponderada2/install/my_package/lib/python3.10/site-packages/my_package-0.0.0-py3.10.egg-info' (and everything under it)
[0.609s] Copying ../build/my_package/my_package.egg-info to /home/manu/Projects/exercicios-mod8/ponderada2/install/my_package/lib/python3.10/site-packages/my_package-0.0.0-py3.10.egg-info
[0.610s] running install_scripts
[0.623s] Installing my_node script to /home/manu/Projects/exercicios-mod8/ponderada2/install/my_package/lib/my_package
[0.624s] writing list of installed files to '/home/manu/Projects/exercicios-mod8/ponderada2/build/my_package/install.log'
[0.643s] Invoked command in '/home/manu/Projects/exercicios-mod8/ponderada2/my_package' returned '0': PYTHONPATH=/home/manu/Projects/exercicios-mod8/ponderada2/build/my_package/prefix_override:/home/manu/Projects/exercicios-mod8/ponderada2/install/my_package/lib/python3.10/site-packages:${PYTHONPATH} /usr/bin/python3 setup.py egg_info --egg-base ../build/my_package build --build-base /home/manu/Projects/exercicios-mod8/ponderada2/build/my_package/build install --record /home/manu/Projects/exercicios-mod8/ponderada2/build/my_package/install.log --single-version-externally-managed
